[ 2014-03-31T20:06:14+08:00 ] 127.0.0.1 /qiuzudui/index.php/Register/register
INFO: [ route_check ] --START--
INFO: Run CheckRoute Behavior [ RunTime:0.002096s ]
INFO: [ route_check ] --END-- [ RunTime:0.002218s ]
INFO: [ app_begin ] --START--
INFO: Run ReadHtmlCache Behavior [ RunTime:0.001591s ]
INFO: [ app_begin ] --END-- [ RunTime:0.001681s ]
INFO: [ view_template ] --START--
INFO: Run LocationTemplate Behavior [ RunTime:0.001209s ]
INFO: [ view_template ] --END-- [ RunTime:0.001313s ]
INFO: [ view_parse ] --START--
INFO: Run ParseTemplate Behavior [ RunTime:0.033230s ]
INFO: [ view_parse ] --END-- [ RunTime:0.033340s ]
INFO: [ view_filter ] --START--
INFO: Run ContentReplace Behavior [ RunTime:0.001180s ]
INFO: Run TokenBuild Behavior [ RunTime:0.001104s ]
INFO: Run WriteHtmlCache Behavior [ RunTime:0.001044s ]
INFO: Run ShowRuntime Behavior [ RunTime:0.001481s ]
INFO: [ view_filter ] --END-- [ RunTime:0.005075s ]
INFO: [ view_end ] --START--
INFO: Run ShowPageTrace Behavior [ RunTime:0.001429s ]
INFO: [ view_end ] --END-- [ RunTime:0.001507s ]

[ 2014-03-31T20:06:17+08:00 ] 127.0.0.1 /qiuzudui/index.php/Register/personalRegister
INFO: [ route_check ] --START--
INFO: Run CheckRoute Behavior [ RunTime:0.000980s ]
INFO: [ route_check ] --END-- [ RunTime:0.001121s ]
INFO: [ app_begin ] --START--
INFO: Run ReadHtmlCache Behavior [ RunTime:0.000582s ]
INFO: [ app_begin ] --END-- [ RunTime:0.000663s ]

[ 2014-03-31T20:10:16+08:00 ] 127.0.0.1 /qiuzudui/index.php/Register/personalRegister
INFO: [ route_check ] --START--
INFO: Run CheckRoute Behavior [ RunTime:0.003588s ]
INFO: [ route_check ] --END-- [ RunTime:0.003765s ]
INFO: [ app_begin ] --START--
INFO: Run ReadHtmlCache Behavior [ RunTime:0.002804s ]
INFO: [ app_begin ] --END-- [ RunTime:0.002964s ]

[ 2014-03-31T20:10:24+08:00 ] 127.0.0.1 /qiuzudui/index.php/Register/societyRegister
INFO: [ route_check ] --START--
INFO: Run CheckRoute Behavior [ RunTime:0.001623s ]
INFO: [ route_check ] --END-- [ RunTime:0.001810s ]
INFO: [ app_begin ] --START--
INFO: Run ReadHtmlCache Behavior [ RunTime:0.001056s ]
INFO: [ app_begin ] --END-- [ RunTime:0.001162s ]
SQL: SHOW COLUMNS FROM `think_data` [ RunTime:0.118122s ]
ERR: Table 'qiuzudui.think_data' doesn't exist
 [ SQL语句 ] : SHOW COLUMNS FROM `think_data`

[ 2014-03-31T20:10:43+08:00 ] 127.0.0.1 /qiuzudui/index.php/Register/register
INFO: [ route_check ] --START--
INFO: Run CheckRoute Behavior [ RunTime:0.001261s ]
INFO: [ route_check ] --END-- [ RunTime:0.001361s ]
INFO: [ app_begin ] --START--
INFO: Run ReadHtmlCache Behavior [ RunTime:0.000967s ]
INFO: [ app_begin ] --END-- [ RunTime:0.001047s ]
INFO: [ view_template ] --START--
INFO: Run LocationTemplate Behavior [ RunTime:0.026450s ]
INFO: [ view_template ] --END-- [ RunTime:0.026560s ]
INFO: [ view_parse ] --START--
INFO: Run ParseTemplate Behavior [ RunTime:0.024858s ]
INFO: [ view_parse ] --END-- [ RunTime:0.024963s ]
INFO: [ view_filter ] --START--
INFO: Run ContentReplace Behavior [ RunTime:0.010666s ]
INFO: Run TokenBuild Behavior [ RunTime:0.001244s ]
INFO: Run WriteHtmlCache Behavior [ RunTime:0.000963s ]
INFO: Run ShowRuntime Behavior [ RunTime:0.001204s ]
INFO: [ view_filter ] --END-- [ RunTime:0.014349s ]
INFO: [ view_end ] --START--
INFO: Run ShowPageTrace Behavior [ RunTime:0.001333s ]
INFO: [ view_end ] --END-- [ RunTime:0.001406s ]

[ 2014-03-31T20:10:45+08:00 ] 127.0.0.1 /qiuzudui/index.php/Register/personalRegister
INFO: [ route_check ] --START--
INFO: Run CheckRoute Behavior [ RunTime:0.001433s ]
INFO: [ route_check ] --END-- [ RunTime:0.001563s ]
INFO: [ app_begin ] --START--
INFO: Run ReadHtmlCache Behavior [ RunTime:0.001090s ]
INFO: [ app_begin ] --END-- [ RunTime:0.001213s ]
SQL: SHOW COLUMNS FROM `think_data` [ RunTime:0.002702s ]
ERR: Table 'qiuzudui.think_data' doesn't exist
 [ SQL语句 ] : SHOW COLUMNS FROM `think_data`

[ 2014-03-31T20:11:05+08:00 ] 127.0.0.1 /qiuzudui/index.php/Register/personalRegister
INFO: [ route_check ] --START--
INFO: Run CheckRoute Behavior [ RunTime:0.003096s ]
INFO: [ route_check ] --END-- [ RunTime:0.003240s ]
INFO: [ app_begin ] --START--
INFO: Run ReadHtmlCache Behavior [ RunTime:0.001581s ]
INFO: [ app_begin ] --END-- [ RunTime:0.001694s ]
SQL: SHOW COLUMNS FROM `think_data` [ RunTime:0.003057s ]
ERR: Table 'qiuzudui.think_data' doesn't exist
 [ SQL语句 ] : SHOW COLUMNS FROM `think_data`

[ 2014-03-31T20:11:17+08:00 ] 127.0.0.1 /qiuzudui/
INFO: [ app_begin ] --START--
INFO: Run ReadHtmlCache Behavior [ RunTime:0.000998s ]
INFO: [ app_begin ] --END-- [ RunTime:0.001152s ]
INFO: [ view_template ] --START--
INFO: Run LocationTemplate Behavior [ RunTime:0.002314s ]
INFO: [ view_template ] --END-- [ RunTime:0.002468s ]
INFO: [ view_parse ] --START--
INFO: Run ParseTemplate Behavior [ RunTime:0.068974s ]
INFO: [ view_parse ] --END-- [ RunTime:0.069121s ]
INFO: [ view_filter ] --START--
INFO: Run ContentReplace Behavior [ RunTime:0.000939s ]
INFO: Run TokenBuild Behavior [ RunTime:0.000788s ]
INFO: Run WriteHtmlCache Behavior [ RunTime:0.000659s ]
INFO: Run ShowRuntime Behavior [ RunTime:0.000862s ]
INFO: [ view_filter ] --END-- [ RunTime:0.003452s ]
INFO: [ view_end ] --START--
INFO: Run ShowPageTrace Behavior [ RunTime:0.001001s ]
INFO: [ view_end ] --END-- [ RunTime:0.001074s ]

[ 2014-03-31T20:11:18+08:00 ] 127.0.0.1 /qiuzudui/index.php/Register/register
INFO: [ route_check ] --START--
INFO: Run CheckRoute Behavior [ RunTime:0.000857s ]
INFO: [ route_check ] --END-- [ RunTime:0.000952s ]
INFO: [ app_begin ] --START--
INFO: Run ReadHtmlCache Behavior [ RunTime:0.000540s ]
INFO: [ app_begin ] --END-- [ RunTime:0.000618s ]
INFO: [ view_template ] --START--
INFO: Run LocationTemplate Behavior [ RunTime:0.000355s ]
INFO: [ view_template ] --END-- [ RunTime:0.000439s ]
INFO: [ view_parse ] --START--
INFO: Run ParseTemplate Behavior [ RunTime:0.012253s ]
INFO: [ view_parse ] --END-- [ RunTime:0.012363s ]
INFO: [ view_filter ] --START--
INFO: Run ContentReplace Behavior [ RunTime:0.000388s ]
INFO: Run TokenBuild Behavior [ RunTime:0.000340s ]
INFO: Run WriteHtmlCache Behavior [ RunTime:0.000216s ]
INFO: Run ShowRuntime Behavior [ RunTime:0.000429s ]
INFO: [ view_filter ] --END-- [ RunTime:0.001567s ]
INFO: [ view_end ] --START--
INFO: Run ShowPageTrace Behavior [ RunTime:0.000556s ]
INFO: [ view_end ] --END-- [ RunTime:0.000626s ]

[ 2014-03-31T20:11:20+08:00 ] 127.0.0.1 /qiuzudui/index.php/Register/personalRegister
INFO: [ route_check ] --START--
INFO: Run CheckRoute Behavior [ RunTime:0.000848s ]
INFO: [ route_check ] --END-- [ RunTime:0.000948s ]
INFO: [ app_begin ] --START--
INFO: Run ReadHtmlCache Behavior [ RunTime:0.000530s ]
INFO: [ app_begin ] --END-- [ RunTime:0.000616s ]
SQL: SHOW COLUMNS FROM `think_user` [ RunTime:0.003015s ]
ERR: Table 'qiuzudui.think_user' doesn't exist
 [ SQL语句 ] : SHOW COLUMNS FROM `think_user`

[ 2014-03-31T20:12:08+08:00 ] 127.0.0.1 /qiuzudui/index.php/Register/personalRegister
INFO: [ route_check ] --START--
INFO: Run CheckRoute Behavior [ RunTime:0.001339s ]
INFO: [ route_check ] --END-- [ RunTime:0.001454s ]
INFO: [ app_begin ] --START--
INFO: Run ReadHtmlCache Behavior [ RunTime:0.001005s ]
INFO: [ app_begin ] --END-- [ RunTime:0.001096s ]
SQL: SHOW COLUMNS FROM `think_user` [ RunTime:0.002505s ]
ERR: Table 'qiuzudui.think_user' doesn't exist
 [ SQL语句 ] : SHOW COLUMNS FROM `think_user`

[ 2014-03-31T20:12:33+08:00 ] 127.0.0.1 /qiuzudui/index.php/Register/personalRegister
INFO: [ route_check ] --START--
INFO: Run CheckRoute Behavior [ RunTime:0.000849s ]
INFO: [ route_check ] --END-- [ RunTime:0.000952s ]
INFO: [ app_begin ] --START--
INFO: Run ReadHtmlCache Behavior [ RunTime:0.000505s ]
INFO: [ app_begin ] --END-- [ RunTime:0.000579s ]
SQL: SHOW COLUMNS FROM `think_user` [ RunTime:0.002485s ]
ERR: Table 'qiuzudui.think_user' doesn't exist
 [ SQL语句 ] : SHOW COLUMNS FROM `think_user`

[ 2014-03-31T20:13:14+08:00 ] 127.0.0.1 /qiuzudui/index.php/Register/register
INFO: [ route_check ] --START--
INFO: Run CheckRoute Behavior [ RunTime:0.001288s ]
INFO: [ route_check ] --END-- [ RunTime:0.001390s ]
INFO: [ app_begin ] --START--
INFO: Run ReadHtmlCache Behavior [ RunTime:0.000947s ]
INFO: [ app_begin ] --END-- [ RunTime:0.001026s ]
INFO: [ view_template ] --START--
INFO: Run LocationTemplate Behavior [ RunTime:0.000352s ]
INFO: [ view_template ] --END-- [ RunTime:0.000432s ]
INFO: [ view_parse ] --START--
INFO: Run ParseTemplate Behavior [ RunTime:0.012142s ]
INFO: [ view_parse ] --END-- [ RunTime:0.012252s ]
INFO: [ view_filter ] --START--
INFO: Run ContentReplace Behavior [ RunTime:0.000377s ]
INFO: Run TokenBuild Behavior [ RunTime:0.000331s ]
INFO: Run WriteHtmlCache Behavior [ RunTime:0.000218s ]
INFO: Run ShowRuntime Behavior [ RunTime:0.000424s ]
INFO: [ view_filter ] --END-- [ RunTime:0.001536s ]
INFO: [ view_end ] --START--
INFO: Run ShowPageTrace Behavior [ RunTime:0.000567s ]
INFO: [ view_end ] --END-- [ RunTime:0.000638s ]

[ 2014-03-31T20:13:16+08:00 ] 127.0.0.1 /qiuzudui/index.php/Register/personalRegister
INFO: [ route_check ] --START--
INFO: Run CheckRoute Behavior [ RunTime:0.001627s ]
INFO: [ route_check ] --END-- [ RunTime:0.001817s ]
INFO: [ app_begin ] --START--
INFO: Run ReadHtmlCache Behavior [ RunTime:0.001194s ]
INFO: [ app_begin ] --END-- [ RunTime:0.001337s ]
SQL: SHOW COLUMNS FROM `think_user` [ RunTime:0.004266s ]
ERR: Table 'qiuzudui.think_user' doesn't exist
 [ SQL语句 ] : SHOW COLUMNS FROM `think_user`
SQL: INSERT INTO `think_user` (`email`,`password`) VALUES ('','') [ RunTime:0.066335s ]
ERR: Table 'qiuzudui.think_user' doesn't exist
 [ SQL语句 ] : INSERT INTO `think_user` (`email`,`password`) VALUES ('','')

[ 2014-03-31T20:13:28+08:00 ] 127.0.0.1 /qiuzudui/index.php/Register/personalRegister
INFO: [ route_check ] --START--
INFO: Run CheckRoute Behavior [ RunTime:0.001885s ]
INFO: [ route_check ] --END-- [ RunTime:0.002088s ]
INFO: [ app_begin ] --START--
INFO: Run ReadHtmlCache Behavior [ RunTime:0.001267s ]
INFO: [ app_begin ] --END-- [ RunTime:0.001389s ]
SQL: SHOW COLUMNS FROM `think_user` [ RunTime:0.003906s ]
ERR: Table 'qiuzudui.think_user' doesn't exist
 [ SQL语句 ] : SHOW COLUMNS FROM `think_user`
SQL: INSERT INTO `think_user` (`email`,`password`) VALUES ('60586011@qq.com','flashman1994') [ RunTime:0.000362s ]
ERR: Table 'qiuzudui.think_user' doesn't exist
 [ SQL语句 ] : INSERT INTO `think_user` (`email`,`password`) VALUES ('60586011@qq.com','flashman1994')

[ 2014-03-31T20:14:37+08:00 ] 127.0.0.1 /qiuzudui/index.php/Register/personalRegister
INFO: [ route_check ] --START--
INFO: Run CheckRoute Behavior [ RunTime:0.001753s ]
INFO: [ route_check ] --END-- [ RunTime:0.001861s ]
INFO: [ app_begin ] --START--
INFO: Run ReadHtmlCache Behavior [ RunTime:0.001344s ]
INFO: [ app_begin ] --END-- [ RunTime:0.001424s ]
SQL: SHOW COLUMNS FROM `think_user` [ RunTime:0.002523s ]
ERR: Table 'qiuzudui.think_user' doesn't exist
 [ SQL语句 ] : SHOW COLUMNS FROM `think_user`
SQL: INSERT INTO `think_user` (`email`,`password`) VALUES ('60586011@qq.com','flashman1994') [ RunTime:0.000238s ]
ERR: Table 'qiuzudui.think_user' doesn't exist
 [ SQL语句 ] : INSERT INTO `think_user` (`email`,`password`) VALUES ('60586011@qq.com','flashman1994')

[ 2014-03-31T20:15:00+08:00 ] 127.0.0.1 /qiuzudui/index.php/Register/register
INFO: [ route_check ] --START--
INFO: Run CheckRoute Behavior [ RunTime:0.000881s ]
INFO: [ route_check ] --END-- [ RunTime:0.000997s ]
INFO: [ app_begin ] --START--
INFO: Run ReadHtmlCache Behavior [ RunTime:0.000623s ]
INFO: [ app_begin ] --END-- [ RunTime:0.000726s ]
INFO: [ view_template ] --START--
INFO: Run LocationTemplate Behavior [ RunTime:0.000811s ]
INFO: [ view_template ] --END-- [ RunTime:0.000912s ]
INFO: [ view_parse ] --START--
INFO: Run ParseTemplate Behavior [ RunTime:0.020226s ]
INFO: [ view_parse ] --END-- [ RunTime:0.020333s ]
INFO: [ view_filter ] --START--
INFO: Run ContentReplace Behavior [ RunTime:0.000820s ]
INFO: Run TokenBuild Behavior [ RunTime:0.000758s ]
INFO: Run WriteHtmlCache Behavior [ RunTime:0.000640s ]
INFO: Run ShowRuntime Behavior [ RunTime:0.000853s ]
INFO: [ view_filter ] --END-- [ RunTime:0.003268s ]
INFO: [ view_end ] --START--
INFO: Run ShowPageTrace Behavior [ RunTime:0.000998s ]
INFO: [ view_end ] --END-- [ RunTime:0.001071s ]

[ 2014-03-31T20:15:02+08:00 ] 127.0.0.1 /qiuzudui/index.php/Register/personalRegister
INFO: [ route_check ] --START--
INFO: Run CheckRoute Behavior [ RunTime:0.001141s ]
INFO: [ route_check ] --END-- [ RunTime:0.001328s ]
INFO: [ app_begin ] --START--
INFO: Run ReadHtmlCache Behavior [ RunTime:0.000678s ]
INFO: [ app_begin ] --END-- [ RunTime:0.000849s ]
SQL: SHOW COLUMNS FROM `think_user` [ RunTime:0.003105s ]
ERR: Table 'qiuzudui.think_user' doesn't exist
 [ SQL语句 ] : SHOW COLUMNS FROM `think_user`
SQL: INSERT INTO `think_user` (`email`,`password`) VALUES ('','') [ RunTime:0.000617s ]
ERR: Table 'qiuzudui.think_user' doesn't exist
 [ SQL语句 ] : INSERT INTO `think_user` (`email`,`password`) VALUES ('','')

[ 2014-03-31T20:15:16+08:00 ] 127.0.0.1 /qiuzudui/index.php/Register/register
INFO: [ route_check ] --START--
INFO: Run CheckRoute Behavior [ RunTime:0.001642s ]
INFO: [ route_check ] --END-- [ RunTime:0.001741s ]
INFO: [ app_begin ] --START--
INFO: Run ReadHtmlCache Behavior [ RunTime:0.001329s ]
INFO: [ app_begin ] --END-- [ RunTime:0.001407s ]
INFO: [ view_template ] --START--
INFO: Run LocationTemplate Behavior [ RunTime:0.001942s ]
INFO: [ view_template ] --END-- [ RunTime:0.002070s ]
INFO: [ view_parse ] --START--
INFO: Run ParseTemplate Behavior [ RunTime:0.021913s ]
INFO: [ view_parse ] --END-- [ RunTime:0.022019s ]
INFO: [ view_filter ] --START--
INFO: Run ContentReplace Behavior [ RunTime:0.001205s ]
INFO: Run TokenBuild Behavior [ RunTime:0.001169s ]
INFO: Run WriteHtmlCache Behavior [ RunTime:0.001059s ]
INFO: Run ShowRuntime Behavior [ RunTime:0.001257s ]
INFO: [ view_filter ] --END-- [ RunTime:0.004886s ]
INFO: [ view_end ] --START--
INFO: Run ShowPageTrace Behavior [ RunTime:0.001381s ]
INFO: [ view_end ] --END-- [ RunTime:0.001451s ]

[ 2014-03-31T20:15:19+08:00 ] 127.0.0.1 /qiuzudui/index.php/Register/register
INFO: [ route_check ] --START--
INFO: Run CheckRoute Behavior [ RunTime:0.002458s ]
INFO: [ route_check ] --END-- [ RunTime:0.002631s ]
INFO: [ app_begin ] --START--
INFO: Run ReadHtmlCache Behavior [ RunTime:0.001502s ]
INFO: [ app_begin ] --END-- [ RunTime:0.001609s ]
INFO: [ view_template ] --START--
INFO: Run LocationTemplate Behavior [ RunTime:0.000781s ]
INFO: [ view_template ] --END-- [ RunTime:0.000867s ]
INFO: [ view_parse ] --START--
INFO: Run ParseTemplate Behavior [ RunTime:0.013713s ]
INFO: [ view_parse ] --END-- [ RunTime:0.013818s ]
INFO: [ view_filter ] --START--
INFO: Run ContentReplace Behavior [ RunTime:0.000810s ]
INFO: Run TokenBuild Behavior [ RunTime:0.000749s ]
INFO: Run WriteHtmlCache Behavior [ RunTime:0.000647s ]
INFO: Run ShowRuntime Behavior [ RunTime:0.000935s ]
INFO: [ view_filter ] --END-- [ RunTime:0.003353s ]
INFO: [ view_end ] --START--
INFO: Run ShowPageTrace Behavior [ RunTime:0.000999s ]
INFO: [ view_end ] --END-- [ RunTime:0.001070s ]

[ 2014-03-31T20:15:23+08:00 ] 127.0.0.1 /qiuzudui/index.php/Register/personalRegister
INFO: [ route_check ] --START--
INFO: Run CheckRoute Behavior [ RunTime:0.001474s ]
INFO: [ route_check ] --END-- [ RunTime:0.001794s ]
INFO: [ app_begin ] --START--
INFO: Run ReadHtmlCache Behavior [ RunTime:0.000803s ]
INFO: [ app_begin ] --END-- [ RunTime:0.000914s ]
SQL: SHOW COLUMNS FROM `think_user` [ RunTime:0.005337s ]
ERR: Table 'qiuzudui.think_user' doesn't exist
 [ SQL语句 ] : SHOW COLUMNS FROM `think_user`
SQL: INSERT INTO `think_user` (`email`,`password`) VALUES ('','') [ RunTime:0.000560s ]
ERR: Table 'qiuzudui.think_user' doesn't exist
 [ SQL语句 ] : INSERT INTO `think_user` (`email`,`password`) VALUES ('','')

[ 2014-03-31T20:16:36+08:00 ] 127.0.0.1 /qiuzudui/index.php/Register/register
INFO: [ route_check ] --START--
INFO: Run CheckRoute Behavior [ RunTime:0.000867s ]
INFO: [ route_check ] --END-- [ RunTime:0.000987s ]
INFO: [ app_begin ] --START--
INFO: Run ReadHtmlCache Behavior [ RunTime:0.000549s ]
INFO: [ app_begin ] --END-- [ RunTime:0.000626s ]
INFO: [ view_template ] --START--
INFO: Run LocationTemplate Behavior [ RunTime:0.000344s ]
INFO: [ view_template ] --END-- [ RunTime:0.000423s ]
INFO: [ view_parse ] --START--
INFO: Run ParseTemplate Behavior [ RunTime:0.011409s ]
INFO: [ view_parse ] --END-- [ RunTime:0.011521s ]
INFO: [ view_filter ] --START--
INFO: Run ContentReplace Behavior [ RunTime:0.000571s ]
INFO: Run TokenBuild Behavior [ RunTime:0.000370s ]
INFO: Run WriteHtmlCache Behavior [ RunTime:0.000227s ]
INFO: Run ShowRuntime Behavior [ RunTime:0.000437s ]
INFO: [ view_filter ] --END-- [ RunTime:0.001820s ]
INFO: [ view_end ] --START--
INFO: Run ShowPageTrace Behavior [ RunTime:0.000566s ]
INFO: [ view_end ] --END-- [ RunTime:0.000634s ]

[ 2014-03-31T20:16:40+08:00 ] 127.0.0.1 /qiuzudui/index.php/Register/personalRegister
INFO: [ route_check ] --START--
INFO: Run CheckRoute Behavior [ RunTime:0.001479s ]
INFO: [ route_check ] --END-- [ RunTime:0.001772s ]
INFO: [ app_begin ] --START--
INFO: Run ReadHtmlCache Behavior [ RunTime:0.000904s ]
INFO: [ app_begin ] --END-- [ RunTime:0.001055s ]
SQL: SHOW COLUMNS FROM `think_user` [ RunTime:0.004212s ]
ERR: Table 'qiuzudui.think_user' doesn't exist
 [ SQL语句 ] : SHOW COLUMNS FROM `think_user`
SQL: INSERT INTO `think_user` (`email`,`password`) VALUES ('54','24') [ RunTime:0.001184s ]
ERR: Table 'qiuzudui.think_user' doesn't exist
 [ SQL语句 ] : INSERT INTO `think_user` (`email`,`password`) VALUES ('54','24')

[ 2014-03-31T20:17:00+08:00 ] 127.0.0.1 /qiuzudui/index.php/Register/personalRegister
INFO: [ route_check ] --START--
INFO: Run CheckRoute Behavior [ RunTime:0.001449s ]
INFO: [ route_check ] --END-- [ RunTime:0.001706s ]
INFO: [ app_begin ] --START--
INFO: Run ReadHtmlCache Behavior [ RunTime:0.000651s ]
INFO: [ app_begin ] --END-- [ RunTime:0.000747s ]
SQL: SHOW COLUMNS FROM `think_user` [ RunTime:0.005017s ]
ERR: Table 'qiuzudui.think_user' doesn't exist
 [ SQL语句 ] : SHOW COLUMNS FROM `think_user`
SQL: INSERT INTO `think_user` (`email`,`password`) VALUES ('543@','ada') [ RunTime:0.000933s ]
ERR: Table 'qiuzudui.think_user' doesn't exist
 [ SQL语句 ] : INSERT INTO `think_user` (`email`,`password`) VALUES ('543@','ada')

[ 2014-03-31T20:20:02+08:00 ] 127.0.0.1 /qiuzudui/index.php/Register/personalRegister
INFO: [ route_check ] --START--
INFO: Run CheckRoute Behavior [ RunTime:0.001820s ]
INFO: [ route_check ] --END-- [ RunTime:0.001961s ]
INFO: [ app_begin ] --START--
INFO: Run ReadHtmlCache Behavior [ RunTime:0.001552s ]
INFO: [ app_begin ] --END-- [ RunTime:0.001744s ]
SQL: SHOW COLUMNS FROM `think_user` [ RunTime:0.087806s ]
ERR: Table 'qiuzudui.think_user' doesn't exist
 [ SQL语句 ] : SHOW COLUMNS FROM `think_user`
SQL: INSERT INTO `think_user` (`email`,`password`) VALUES ('543@','sda') [ RunTime:0.000245s ]
ERR: Table 'qiuzudui.think_user' doesn't exist
 [ SQL语句 ] : INSERT INTO `think_user` (`email`,`password`) VALUES ('543@','sda')

[ 2014-03-31T20:38:08+08:00 ] 127.0.0.1 /qiuzudui/index.php/Register/personalRegister
INFO: [ route_check ] --START--
INFO: Run CheckRoute Behavior [ RunTime:0.001621s ]
INFO: [ route_check ] --END-- [ RunTime:0.001732s ]
INFO: [ app_begin ] --START--
INFO: Run ReadHtmlCache Behavior [ RunTime:0.001280s ]
INFO: [ app_begin ] --END-- [ RunTime:0.001363s ]
SQL: SHOW COLUMNS FROM `think_user` [ RunTime:0.002570s ]
ERR: Table 'qiuzudui.think_user' doesn't exist
 [ SQL语句 ] : SHOW COLUMNS FROM `think_user`
SQL: INSERT INTO `think_user` (`email`,`password`) VALUES ('543@','') [ RunTime:0.000237s ]
ERR: Table 'qiuzudui.think_user' doesn't exist
 [ SQL语句 ] : INSERT INTO `think_user` (`email`,`password`) VALUES ('543@','')

[ 2014-03-31T20:38:32+08:00 ] 127.0.0.1 /qiuzudui/index.php/Register/personalRegister
INFO: [ route_check ] --START--
INFO: Run CheckRoute Behavior [ RunTime:0.001888s ]
INFO: [ route_check ] --END-- [ RunTime:0.002090s ]
INFO: [ app_begin ] --START--
INFO: Run ReadHtmlCache Behavior [ RunTime:0.001153s ]
INFO: [ app_begin ] --END-- [ RunTime:0.001279s ]
SQL: SHOW COLUMNS FROM `think_user` [ RunTime:0.003152s ]
ERR: Table 'qiuzudui.think_user' doesn't exist
 [ SQL语句 ] : SHOW COLUMNS FROM `think_user`
SQL: INSERT INTO `think_user` (`email`,`password`) VALUES ('543@','sd') [ RunTime:0.000489s ]
ERR: Table 'qiuzudui.think_user' doesn't exist
 [ SQL语句 ] : INSERT INTO `think_user` (`email`,`password`) VALUES ('543@','sd')

[ 2014-03-31T20:38:47+08:00 ] 127.0.0.1 /qiuzudui/index.php/Register/personalRegister
INFO: [ route_check ] --START--
INFO: Run CheckRoute Behavior [ RunTime:0.001021s ]
INFO: [ route_check ] --END-- [ RunTime:0.001143s ]
INFO: [ app_begin ] --START--
INFO: Run ReadHtmlCache Behavior [ RunTime:0.000570s ]
INFO: [ app_begin ] --END-- [ RunTime:0.000651s ]
SQL: SHOW COLUMNS FROM `think_user` [ RunTime:0.002606s ]
ERR: Table 'qiuzudui.think_user' doesn't exist
 [ SQL语句 ] : SHOW COLUMNS FROM `think_user`
SQL: INSERT INTO `think_user` (`email`,`password`) VALUES ('543@','sd') [ RunTime:0.000232s ]
ERR: Table 'qiuzudui.think_user' doesn't exist
 [ SQL语句 ] : INSERT INTO `think_user` (`email`,`password`) VALUES ('543@','sd')

[ 2014-03-31T20:39:16+08:00 ] 127.0.0.1 /qiuzudui/
INFO: [ app_begin ] --START--
INFO: Run ReadHtmlCache Behavior [ RunTime:0.000625s ]
INFO: [ app_begin ] --END-- [ RunTime:0.000743s ]
INFO: [ view_template ] --START--
INFO: Run LocationTemplate Behavior [ RunTime:0.053390s ]
INFO: [ view_template ] --END-- [ RunTime:0.053512s ]
INFO: [ view_parse ] --START--
INFO: Run ParseTemplate Behavior [ RunTime:0.299712s ]
INFO: [ view_parse ] --END-- [ RunTime:0.299822s ]
INFO: [ view_filter ] --START--
INFO: Run ContentReplace Behavior [ RunTime:0.059438s ]
INFO: Run TokenBuild Behavior [ RunTime:0.029040s ]
INFO: Run WriteHtmlCache Behavior [ RunTime:0.024973s ]
INFO: Run ShowRuntime Behavior [ RunTime:0.030998s ]
INFO: [ view_filter ] --END-- [ RunTime:0.144788s ]
INFO: [ view_end ] --START--
INFO: Run ShowPageTrace Behavior [ RunTime:0.001784s ]
INFO: [ view_end ] --END-- [ RunTime:0.001887s ]

[ 2014-03-31T20:39:19+08:00 ] 127.0.0.1 /qiuzudui/index.php/Register/register
INFO: [ route_check ] --START--
INFO: Run CheckRoute Behavior [ RunTime:0.000815s ]
INFO: [ route_check ] --END-- [ RunTime:0.000910s ]
INFO: [ app_begin ] --START--
INFO: Run ReadHtmlCache Behavior [ RunTime:0.000513s ]
INFO: [ app_begin ] --END-- [ RunTime:0.000584s ]
INFO: [ view_template ] --START--
INFO: Run LocationTemplate Behavior [ RunTime:0.000404s ]
INFO: [ view_template ] --END-- [ RunTime:0.000486s ]
INFO: [ view_parse ] --START--
INFO: Run ParseTemplate Behavior [ RunTime:0.014601s ]
INFO: [ view_parse ] --END-- [ RunTime:0.014738s ]
INFO: [ view_filter ] --START--
INFO: Run ContentReplace Behavior [ RunTime:0.000387s ]
INFO: Run TokenBuild Behavior [ RunTime:0.000356s ]
INFO: Run WriteHtmlCache Behavior [ RunTime:0.000260s ]
INFO: Run ShowRuntime Behavior [ RunTime:0.000433s ]
INFO: [ view_filter ] --END-- [ RunTime:0.001659s ]
INFO: [ view_end ] --START--
INFO: Run ShowPageTrace Behavior [ RunTime:0.000660s ]
INFO: [ view_end ] --END-- [ RunTime:0.000748s ]

[ 2014-03-31T20:39:27+08:00 ] 127.0.0.1 /qiuzudui/index.php/Register/personalRegister
INFO: [ route_check ] --START--
INFO: Run CheckRoute Behavior [ RunTime:0.001160s ]
INFO: [ route_check ] --END-- [ RunTime:0.001389s ]
INFO: [ app_begin ] --START--
INFO: Run ReadHtmlCache Behavior [ RunTime:0.000824s ]
INFO: [ app_begin ] --END-- [ RunTime:0.000946s ]
SQL: SHOW COLUMNS FROM `think_user` [ RunTime:0.002912s ]
ERR: Table 'qiuzudui.think_user' doesn't exist
 [ SQL语句 ] : SHOW COLUMNS FROM `think_user`
NOTIC: [8] Undefined index:  user F:\AppServ\www\qiuzudui\Lib\Action\RegisterAction.class.php 第 11 行.
SQL: INSERT INTO `think_user` (`email`,`password`) VALUES ('6068@qq.com','dfg') [ RunTime:0.000477s ]
ERR: Table 'qiuzudui.think_user' doesn't exist
 [ SQL语句 ] : INSERT INTO `think_user` (`email`,`password`) VALUES ('6068@qq.com','dfg')

[ 2014-03-31T20:41:25+08:00 ] 127.0.0.1 /qiuzudui/
INFO: [ app_begin ] --START--
INFO: Run ReadHtmlCache Behavior [ RunTime:0.001485s ]
INFO: [ app_begin ] --END-- [ RunTime:0.001587s ]

[ 2014-03-31T20:41:26+08:00 ] 127.0.0.1 /qiuzudui/
INFO: [ app_begin ] --START--
INFO: Run ReadHtmlCache Behavior [ RunTime:0.001506s ]
INFO: [ app_begin ] --END-- [ RunTime:0.001605s ]

[ 2014-03-31T20:41:37+08:00 ] 127.0.0.1 /qiuzudui/
INFO: [ app_begin ] --START--
INFO: Run ReadHtmlCache Behavior [ RunTime:0.001376s ]
INFO: [ app_begin ] --END-- [ RunTime:0.001472s ]
INFO: [ view_template ] --START--
INFO: Run LocationTemplate Behavior [ RunTime:0.001620s ]
INFO: [ view_template ] --END-- [ RunTime:0.001710s ]
INFO: [ view_parse ] --START--
INFO: Run ParseTemplate Behavior [ RunTime:0.026425s ]
INFO: [ view_parse ] --END-- [ RunTime:0.026533s ]
INFO: [ view_filter ] --START--
INFO: Run ContentReplace Behavior [ RunTime:0.001318s ]
INFO: Run TokenBuild Behavior [ RunTime:0.001293s ]
INFO: Run WriteHtmlCache Behavior [ RunTime:0.001067s ]
INFO: Run ShowRuntime Behavior [ RunTime:0.001308s ]
INFO: [ view_filter ] --END-- [ RunTime:0.005221s ]
INFO: [ view_end ] --START--
INFO: Run ShowPageTrace Behavior [ RunTime:0.001462s ]
INFO: [ view_end ] --END-- [ RunTime:0.001540s ]

[ 2014-03-31T20:41:38+08:00 ] 127.0.0.1 /qiuzudui/index.php/Register/register
INFO: [ route_check ] --START--
INFO: Run CheckRoute Behavior [ RunTime:0.001636s ]
INFO: [ route_check ] --END-- [ RunTime:0.001737s ]
INFO: [ app_begin ] --START--
INFO: Run ReadHtmlCache Behavior [ RunTime:0.001353s ]
INFO: [ app_begin ] --END-- [ RunTime:0.001426s ]
INFO: [ view_template ] --START--
INFO: Run LocationTemplate Behavior [ RunTime:0.002063s ]
INFO: [ view_template ] --END-- [ RunTime:0.002169s ]
INFO: [ view_parse ] --START--
INFO: Run ParseTemplate Behavior [ RunTime:0.015068s ]
INFO: [ view_parse ] --END-- [ RunTime:0.015178s ]
INFO: [ view_filter ] --START--
INFO: Run ContentReplace Behavior [ RunTime:0.001337s ]
INFO: Run TokenBuild Behavior [ RunTime:0.001163s ]
INFO: Run WriteHtmlCache Behavior [ RunTime:0.001031s ]
INFO: Run ShowRuntime Behavior [ RunTime:0.001238s ]
INFO: [ view_filter ] --END-- [ RunTime:0.004967s ]
INFO: [ view_end ] --START--
INFO: Run ShowPageTrace Behavior [ RunTime:0.001374s ]
INFO: [ view_end ] --END-- [ RunTime:0.001444s ]

[ 2014-03-31T20:41:59+08:00 ] 127.0.0.1 /qiuzudui/index.php/Register/personalRegister
INFO: [ route_check ] --START--
INFO: Run CheckRoute Behavior [ RunTime:0.001362s ]
INFO: [ route_check ] --END-- [ RunTime:0.001483s ]
INFO: [ app_begin ] --START--
INFO: Run ReadHtmlCache Behavior [ RunTime:0.001106s ]
INFO: [ app_begin ] --END-- [ RunTime:0.001237s ]
SQL: SHOW COLUMNS FROM `think_user` [ RunTime:0.003145s ]
ERR: Table 'qiuzudui.think_user' doesn't exist
 [ SQL语句 ] : SHOW COLUMNS FROM `think_user`
NOTIC: [8] Undefined index:  user F:\AppServ\www\qiuzudui\Lib\Action\RegisterAction.class.php 第 11 行.
SQL: INSERT INTO `think_user` (`email`,`password`) VALUES ('60586011@qq.com','dfg') [ RunTime:0.000470s ]
ERR: Table 'qiuzudui.think_user' doesn't exist
 [ SQL语句 ] : INSERT INTO `think_user` (`email`,`password`) VALUES ('60586011@qq.com','dfg')

[ 2014-03-31T20:45:14+08:00 ] 127.0.0.1 /qiuzudui/index.php/Register/personalRegister
INFO: [ route_check ] --START--
INFO: Run CheckRoute Behavior [ RunTime:0.003089s ]
INFO: [ route_check ] --END-- [ RunTime:0.003264s ]
INFO: [ app_begin ] --START--
INFO: Run ReadHtmlCache Behavior [ RunTime:0.001350s ]
INFO: [ app_begin ] --END-- [ RunTime:0.001434s ]
SQL: SHOW COLUMNS FROM `think_user` [ RunTime:0.002565s ]
ERR: Table 'qiuzudui.think_user' doesn't exist
 [ SQL语句 ] : SHOW COLUMNS FROM `think_user`
SQL: INSERT INTO `think_user` (`email`,`password`) VALUES ('60586011@qq.com','dfg') [ RunTime:0.000241s ]
ERR: Table 'qiuzudui.think_user' doesn't exist
 [ SQL语句 ] : INSERT INTO `think_user` (`email`,`password`) VALUES ('60586011@qq.com','dfg')

[ 2014-03-31T20:45:14+08:00 ] ERR: (ThinkException) 非法操作:__TMPL__
[ 2014-03-31T20:45:14+08:00 ] 127.0.0.1 /qiuzudui/index.php/Register/__TMPL__/
INFO: [ route_check ] --START--
INFO: Run CheckRoute Behavior [ RunTime:0.001790s ]
INFO: [ route_check ] --END-- [ RunTime:0.001904s ]
INFO: [ app_begin ] --START--
INFO: Run ReadHtmlCache Behavior [ RunTime:0.001599s ]
INFO: [ app_begin ] --END-- [ RunTime:0.001714s ]
NOTIC: [8] Undefined index:  class F:\AppServ\www\qiuzudui\ThinkPHP\Lib\Core\ThinkException.class.php 第 63 行.
NOTIC: [8] Undefined index:  type F:\AppServ\www\qiuzudui\ThinkPHP\Lib\Core\ThinkException.class.php 第 63 行.
NOTIC: [8] Undefined index:  file F:\AppServ\www\qiuzudui\ThinkPHP\Lib\Core\ThinkException.class.php 第 62 行.
NOTIC: [8] Undefined index:  line F:\AppServ\www\qiuzudui\ThinkPHP\Lib\Core\ThinkException.class.php 第 62 行.
NOTIC: [4096] Object of class RegisterAction could not be converted to string F:\AppServ\www\qiuzudui\ThinkPHP\Lib\Core\ThinkException.class.php 第 64 行.
NOTIC: [8] Array to string conversion F:\AppServ\www\qiuzudui\ThinkPHP\Lib\Core\ThinkException.class.php 第 64 行.
NOTIC: [8] Undefined index:  class F:\AppServ\www\qiuzudui\ThinkPHP\Lib\Core\ThinkException.class.php 第 63 行.
NOTIC: [8] Undefined index:  type F:\AppServ\www\qiuzudui\ThinkPHP\Lib\Core\ThinkException.class.php 第 63 行.
NOTIC: [8] Undefined index:  class F:\AppServ\www\qiuzudui\ThinkPHP\Lib\Core\ThinkException.class.php 第 63 行.
NOTIC: [8] Undefined index:  type F:\AppServ\www\qiuzudui\ThinkPHP\Lib\Core\ThinkException.class.php 第 63 行.

[ 2014-03-31T20:46:02+08:00 ] 127.0.0.1 /qiuzudui/index.php/Register/personalRegister
INFO: [ route_check ] --START--
INFO: Run CheckRoute Behavior [ RunTime:0.002492s ]
INFO: [ route_check ] --END-- [ RunTime:0.002702s ]
INFO: [ app_begin ] --START--
INFO: Run ReadHtmlCache Behavior [ RunTime:0.001714s ]
INFO: [ app_begin ] --END-- [ RunTime:0.001856s ]
SQL: SHOW COLUMNS FROM `think_user` [ RunTime:0.002517s ]
ERR: Table 'qiuzudui.think_user' doesn't exist
 [ SQL语句 ] : SHOW COLUMNS FROM `think_user`
SQL: INSERT INTO `think_user` (`email`,`password`) VALUES ('60586011@qq.com','') [ RunTime:0.000234s ]
ERR: Table 'qiuzudui.think_user' doesn't exist
 [ SQL语句 ] : INSERT INTO `think_user` (`email`,`password`) VALUES ('60586011@qq.com','')

[ 2014-03-31T20:46:02+08:00 ] ERR: (ThinkException) 非法操作:__APP__
[ 2014-03-31T20:46:02+08:00 ] 127.0.0.1 /qiuzudui/index.php/Register/__APP__/index
INFO: [ route_check ] --START--
INFO: Run CheckRoute Behavior [ RunTime:0.000863s ]
INFO: [ route_check ] --END-- [ RunTime:0.000973s ]
INFO: [ app_begin ] --START--
INFO: Run ReadHtmlCache Behavior [ RunTime:0.000560s ]
INFO: [ app_begin ] --END-- [ RunTime:0.000649s ]
NOTIC: [8] Undefined index:  class F:\AppServ\www\qiuzudui\ThinkPHP\Lib\Core\ThinkException.class.php 第 63 行.
NOTIC: [8] Undefined index:  type F:\AppServ\www\qiuzudui\ThinkPHP\Lib\Core\ThinkException.class.php 第 63 行.
NOTIC: [8] Undefined index:  file F:\AppServ\www\qiuzudui\ThinkPHP\Lib\Core\ThinkException.class.php 第 62 行.
NOTIC: [8] Undefined index:  line F:\AppServ\www\qiuzudui\ThinkPHP\Lib\Core\ThinkException.class.php 第 62 行.
NOTIC: [4096] Object of class RegisterAction could not be converted to string F:\AppServ\www\qiuzudui\ThinkPHP\Lib\Core\ThinkException.class.php 第 64 行.
NOTIC: [8] Array to string conversion F:\AppServ\www\qiuzudui\ThinkPHP\Lib\Core\ThinkException.class.php 第 64 行.
NOTIC: [8] Undefined index:  class F:\AppServ\www\qiuzudui\ThinkPHP\Lib\Core\ThinkException.class.php 第 63 行.
NOTIC: [8] Undefined index:  type F:\AppServ\www\qiuzudui\ThinkPHP\Lib\Core\ThinkException.class.php 第 63 行.
NOTIC: [8] Undefined index:  class F:\AppServ\www\qiuzudui\ThinkPHP\Lib\Core\ThinkException.class.php 第 63 行.
NOTIC: [8] Undefined index:  type F:\AppServ\www\qiuzudui\ThinkPHP\Lib\Core\ThinkException.class.php 第 63 行.

[ 2014-03-31T20:46:19+08:00 ] 127.0.0.1 /qiuzudui/index.php/Register/personalRegister
INFO: [ route_check ] --START--
INFO: Run CheckRoute Behavior [ RunTime:0.001479s ]
INFO: [ route_check ] --END-- [ RunTime:0.001628s ]
INFO: [ app_begin ] --START--
INFO: Run ReadHtmlCache Behavior [ RunTime:0.001477s ]
INFO: [ app_begin ] --END-- [ RunTime:0.001619s ]
SQL: SHOW COLUMNS FROM `think_user` [ RunTime:0.002715s ]
ERR: Table 'qiuzudui.think_user' doesn't exist
 [ SQL语句 ] : SHOW COLUMNS FROM `think_user`
SQL: INSERT INTO `think_user` (`email`,`password`) VALUES ('60586011@qq.com','') [ RunTime:0.000236s ]
ERR: Table 'qiuzudui.think_user' doesn't exist
 [ SQL语句 ] : INSERT INTO `think_user` (`email`,`password`) VALUES ('60586011@qq.com','')

[ 2014-03-31T20:46:45+08:00 ] 127.0.0.1 /qiuzudui/index.php/Register/personalRegister
INFO: [ route_check ] --START--
INFO: Run CheckRoute Behavior [ RunTime:0.002030s ]
INFO: [ route_check ] --END-- [ RunTime:0.002223s ]
INFO: [ app_begin ] --START--
INFO: Run ReadHtmlCache Behavior [ RunTime:0.001927s ]
INFO: [ app_begin ] --END-- [ RunTime:0.002117s ]
SQL: SHOW COLUMNS FROM `think_user` [ RunTime:0.003194s ]
ERR: Table 'qiuzudui.think_user' doesn't exist
 [ SQL语句 ] : SHOW COLUMNS FROM `think_user`
SQL: INSERT INTO `think_user` (`email`,`password`) VALUES ('60586011@qq.com','sdf') [ RunTime:0.000345s ]
ERR: Table 'qiuzudui.think_user' doesn't exist
 [ SQL语句 ] : INSERT INTO `think_user` (`email`,`password`) VALUES ('60586011@qq.com','sdf')

[ 2014-03-31T20:46:45+08:00 ] 127.0.0.1 /qiuzudui/
INFO: [ app_begin ] --START--
INFO: Run ReadHtmlCache Behavior [ RunTime:0.001761s ]
INFO: [ app_begin ] --END-- [ RunTime:0.001917s ]

[ 2014-03-31T20:52:13+08:00 ] 127.0.0.1 /qiuzudui/index.php/Register/personalRegister
INFO: [ route_check ] --START--
INFO: Run CheckRoute Behavior [ RunTime:0.001779s ]
INFO: [ route_check ] --END-- [ RunTime:0.001920s ]
INFO: [ app_begin ] --START--
INFO: Run ReadHtmlCache Behavior [ RunTime:0.001746s ]
INFO: [ app_begin ] --END-- [ RunTime:0.001853s ]
SQL: SHOW COLUMNS FROM `think_user` [ RunTime:0.022875s ]
ERR: Table 'qiuzudui.think_user' doesn't exist
 [ SQL语句 ] : SHOW COLUMNS FROM `think_user`
SQL: INSERT INTO `think_user` (`email`,`password`) VALUES ('60586011@qq.com','dfg') [ RunTime:0.000242s ]
ERR: Table 'qiuzudui.think_user' doesn't exist
 [ SQL语句 ] : INSERT INTO `think_user` (`email`,`password`) VALUES ('60586011@qq.com','dfg')
NOTIC: [8] Undefined variable: username F:\AppServ\www\qiuzudui\Lib\Action\RegisterAction.class.php 第 23 行.

[ 2014-03-31T20:52:13+08:00 ] ERR: [4] syntax error, unexpected '}', expecting T_STRING or T_VARIABLE or '{' or '$' F:\AppServ\www\qiuzudui\Lib\Action\IndexAction.class.php 第 9 行.
[ 2014-03-31T20:58:17+08:00 ] 127.0.0.1 /qiuzudui/index.php/Register/personalRegister
INFO: [ route_check ] --START--
INFO: Run CheckRoute Behavior [ RunTime:0.001916s ]
INFO: [ route_check ] --END-- [ RunTime:0.002042s ]
INFO: [ app_begin ] --START--
INFO: Run ReadHtmlCache Behavior [ RunTime:0.001372s ]
INFO: [ app_begin ] --END-- [ RunTime:0.001453s ]
SQL: SHOW COLUMNS FROM `think_user` [ RunTime:0.002654s ]
ERR: Table 'qiuzudui.think_user' doesn't exist
 [ SQL语句 ] : SHOW COLUMNS FROM `think_user`
SQL: INSERT INTO `think_user` (`email`,`password`) VALUES ('60586011@qq.com','sdf') [ RunTime:0.000345s ]
ERR: Table 'qiuzudui.think_user' doesn't exist
 [ SQL语句 ] : INSERT INTO `think_user` (`email`,`password`) VALUES ('60586011@qq.com','sdf')

[ 2014-03-31T20:58:17+08:00 ] ERR: [4] syntax error, unexpected '}', expecting T_STRING or T_VARIABLE or '{' or '$' F:\AppServ\www\qiuzudui\Lib\Action\IndexAction.class.php 第 9 行.
[ 2014-03-31T21:06:13+08:00 ] 127.0.0.1 /qiuzudui/index.php/Register/personalRegister
INFO: [ route_check ] --START--
INFO: Run CheckRoute Behavior [ RunTime:0.001650s ]
INFO: [ route_check ] --END-- [ RunTime:0.001760s ]
INFO: [ app_begin ] --START--
INFO: Run ReadHtmlCache Behavior [ RunTime:0.001337s ]
INFO: [ app_begin ] --END-- [ RunTime:0.001438s ]
SQL: SHOW COLUMNS FROM `think_user` [ RunTime:0.002530s ]
ERR: Table 'qiuzudui.think_user' doesn't exist
 [ SQL语句 ] : SHOW COLUMNS FROM `think_user`
SQL: INSERT INTO `think_user` (`email`,`password`) VALUES ('60586011@qq.com','sdf') [ RunTime:0.000317s ]
ERR: Table 'qiuzudui.think_user' doesn't exist
 [ SQL语句 ] : INSERT INTO `think_user` (`email`,`password`) VALUES ('60586011@qq.com','sdf')

[ 2014-03-31T21:06:13+08:00 ] ERR: [4] syntax error, unexpected '}', expecting T_STRING or T_VARIABLE or '{' or '$' F:\AppServ\www\qiuzudui\Lib\Action\IndexAction.class.php 第 9 行.
[ 2014-03-31T21:09:31+08:00 ] 127.0.0.1 /qiuzudui/index.php/Index/index/id
INFO: [ route_check ] --START--
INFO: Run CheckRoute Behavior [ RunTime:0.001630s ]
INFO: [ route_check ] --END-- [ RunTime:0.001728s ]
INFO: [ app_begin ] --START--
INFO: Run ReadHtmlCache Behavior [ RunTime:0.001468s ]
INFO: [ app_begin ] --END-- [ RunTime:0.001581s ]

[ 2014-03-31T21:13:30+08:00 ] 127.0.0.1 /qiuzudui/index.php/Register/personalRegister
INFO: [ route_check ] --START--
INFO: Run CheckRoute Behavior [ RunTime:0.002167s ]
INFO: [ route_check ] --END-- [ RunTime:0.002313s ]
INFO: [ app_begin ] --START--
INFO: Run ReadHtmlCache Behavior [ RunTime:0.000957s ]
INFO: [ app_begin ] --END-- [ RunTime:0.001044s ]
SQL: SHOW COLUMNS FROM `think_user` [ RunTime:0.017917s ]
ERR: Table 'qiuzudui.think_user' doesn't exist
 [ SQL语句 ] : SHOW COLUMNS FROM `think_user`
SQL: INSERT INTO `think_user` (`email`,`password`) VALUES ('60586011@qq.com','') [ RunTime:0.000417s ]
ERR: Table 'qiuzudui.think_user' doesn't exist
 [ SQL语句 ] : INSERT INTO `think_user` (`email`,`password`) VALUES ('60586011@qq.com','')

[ 2014-03-31T21:13:30+08:00 ] ERR: [64] Cannot redeclare IndexAction::index() F:\AppServ\www\qiuzudui\Lib\Action\IndexAction.class.php 第 11 行.
[ 2014-03-31T21:13:41+08:00 ] ERR: [4] syntax error, unexpected T_IF F:\AppServ\www\qiuzudui\Lib\Action\IndexAction.class.php 第 6 行.
[ 2014-03-31T21:13:43+08:00 ] ERR: [4] syntax error, unexpected T_IF F:\AppServ\www\qiuzudui\Lib\Action\IndexAction.class.php 第 6 行.
[ 2014-03-31T21:13:45+08:00 ] 127.0.0.1 /qiuzudui/index.php/Register/personalRegister
INFO: [ route_check ] --START--
INFO: Run CheckRoute Behavior [ RunTime:0.002038s ]
INFO: [ route_check ] --END-- [ RunTime:0.002230s ]
INFO: [ app_begin ] --START--
INFO: Run ReadHtmlCache Behavior [ RunTime:0.001600s ]
INFO: [ app_begin ] --END-- [ RunTime:0.001730s ]
SQL: SHOW COLUMNS FROM `think_user` [ RunTime:0.002532s ]
ERR: Table 'qiuzudui.think_user' doesn't exist
 [ SQL语句 ] : SHOW COLUMNS FROM `think_user`
SQL: INSERT INTO `think_user` (`email`,`password`) VALUES ('60586011@qq.com','ds') [ RunTime:0.000344s ]
ERR: Table 'qiuzudui.think_user' doesn't exist
 [ SQL语句 ] : INSERT INTO `think_user` (`email`,`password`) VALUES ('60586011@qq.com','ds')

[ 2014-03-31T21:13:45+08:00 ] ERR: [4] syntax error, unexpected T_IF F:\AppServ\www\qiuzudui\Lib\Action\IndexAction.class.php 第 6 行.
[ 2014-03-31T21:15:36+08:00 ] 127.0.0.1 /qiuzudui/index.php/Register/personalRegister
INFO: [ route_check ] --START--
INFO: Run CheckRoute Behavior [ RunTime:0.002324s ]
INFO: [ route_check ] --END-- [ RunTime:0.002523s ]
INFO: [ app_begin ] --START--
INFO: Run ReadHtmlCache Behavior [ RunTime:0.002051s ]
INFO: [ app_begin ] --END-- [ RunTime:0.002210s ]
SQL: SHOW COLUMNS FROM `think_user` [ RunTime:0.003404s ]
ERR: Table 'qiuzudui.think_user' doesn't exist
 [ SQL语句 ] : SHOW COLUMNS FROM `think_user`
SQL: INSERT INTO `think_user` (`email`,`password`) VALUES ('60586011@qq.com','asd') [ RunTime:0.000520s ]
ERR: Table 'qiuzudui.think_user' doesn't exist
 [ SQL语句 ] : INSERT INTO `think_user` (`email`,`password`) VALUES ('60586011@qq.com','asd')

[ 2014-03-31T21:15:36+08:00 ] 127.0.0.1 /qiuzudui/index.php/Index/index/id
INFO: [ route_check ] --START--
INFO: Run CheckRoute Behavior [ RunTime:0.001884s ]
INFO: [ route_check ] --END-- [ RunTime:0.002025s ]
INFO: [ app_begin ] --START--
INFO: Run ReadHtmlCache Behavior [ RunTime:0.001453s ]
INFO: [ app_begin ] --END-- [ RunTime:0.001537s ]
NOTIC: [8] Undefined index:  id F:\AppServ\www\qiuzudui\Lib\Action\IndexAction.class.php 第 5 行.

[ 2014-03-31T21:15:57+08:00 ] 127.0.0.1 /qiuzudui/index.php/Register/personalRegister
INFO: [ route_check ] --START--
INFO: Run CheckRoute Behavior [ RunTime:0.002039s ]
INFO: [ route_check ] --END-- [ RunTime:0.002172s ]
INFO: [ app_begin ] --START--
INFO: Run ReadHtmlCache Behavior [ RunTime:0.001368s ]
INFO: [ app_begin ] --END-- [ RunTime:0.001452s ]
SQL: SHOW COLUMNS FROM `think_user` [ RunTime:0.002681s ]
ERR: Table 'qiuzudui.think_user' doesn't exist
 [ SQL语句 ] : SHOW COLUMNS FROM `think_user`
SQL: INSERT INTO `think_user` (`email`,`password`) VALUES ('60586011@qq.com','asd') [ RunTime:0.000239s ]
ERR: Table 'qiuzudui.think_user' doesn't exist
 [ SQL语句 ] : INSERT INTO `think_user` (`email`,`password`) VALUES ('60586011@qq.com','asd')

[ 2014-03-31T21:15:57+08:00 ] 127.0.0.1 /qiuzudui/index.php/Index/index/id
INFO: [ route_check ] --START--
INFO: Run CheckRoute Behavior [ RunTime:0.001666s ]
INFO: [ route_check ] --END-- [ RunTime:0.001769s ]
INFO: [ app_begin ] --START--
INFO: Run ReadHtmlCache Behavior [ RunTime:0.001372s ]
INFO: [ app_begin ] --END-- [ RunTime:0.001446s ]
NOTIC: [8] Undefined index:  id F:\AppServ\www\qiuzudui\Lib\Action\IndexAction.class.php 第 5 行.

[ 2014-03-31T21:16:12+08:00 ] ERR: [64] Cannot redeclare IndexAction::index() F:\AppServ\www\qiuzudui\Lib\Action\IndexAction.class.php 第 12 行.
[ 2014-03-31T21:16:45+08:00 ] 127.0.0.1 /qiuzudui/index.php/Register/register
INFO: [ route_check ] --START--
INFO: Run CheckRoute Behavior [ RunTime:0.001366s ]
INFO: [ route_check ] --END-- [ RunTime:0.001492s ]
INFO: [ app_begin ] --START--
INFO: Run ReadHtmlCache Behavior [ RunTime:0.000514s ]
INFO: [ app_begin ] --END-- [ RunTime:0.000585s ]
INFO: [ view_template ] --START--
INFO: Run LocationTemplate Behavior [ RunTime:0.015394s ]
INFO: [ view_template ] --END-- [ RunTime:0.015500s ]
INFO: [ view_parse ] --START--
INFO: Run ParseTemplate Behavior [ RunTime:0.193153s ]
INFO: [ view_parse ] --END-- [ RunTime:0.193265s ]
INFO: [ view_filter ] --START--
INFO: Run ContentReplace Behavior [ RunTime:0.022427s ]
INFO: Run TokenBuild Behavior [ RunTime:0.001207s ]
INFO: Run WriteHtmlCache Behavior [ RunTime:0.000940s ]
INFO: Run ShowRuntime Behavior [ RunTime:0.001191s ]
INFO: [ view_filter ] --END-- [ RunTime:0.026024s ]
INFO: [ view_end ] --START--
INFO: Run ShowPageTrace Behavior [ RunTime:0.001547s ]
INFO: [ view_end ] --END-- [ RunTime:0.001639s ]

[ 2014-03-31T21:16:50+08:00 ] 127.0.0.1 /qiuzudui/index.php/Register/personalRegister
INFO: [ route_check ] --START--
INFO: Run CheckRoute Behavior [ RunTime:0.001526s ]
INFO: [ route_check ] --END-- [ RunTime:0.001753s ]
INFO: [ app_begin ] --START--
INFO: Run ReadHtmlCache Behavior [ RunTime:0.000839s ]
INFO: [ app_begin ] --END-- [ RunTime:0.000951s ]
SQL: SHOW COLUMNS FROM `think_user` [ RunTime:0.003406s ]
ERR: Table 'qiuzudui.think_user' doesn't exist
 [ SQL语句 ] : SHOW COLUMNS FROM `think_user`
SQL: INSERT INTO `think_user` (`email`,`password`) VALUES ('60586011@qq.com','asd') [ RunTime:0.000361s ]
ERR: Table 'qiuzudui.think_user' doesn't exist
 [ SQL语句 ] : INSERT INTO `think_user` (`email`,`password`) VALUES ('60586011@qq.com','asd')

[ 2014-03-31T21:16:50+08:00 ] 127.0.0.1 /qiuzudui/index.php/Index/index/id
INFO: [ route_check ] --START--
INFO: Run CheckRoute Behavior [ RunTime:0.000973s ]
INFO: [ route_check ] --END-- [ RunTime:0.001103s ]
INFO: [ app_begin ] --START--
INFO: Run ReadHtmlCache Behavior [ RunTime:0.000600s ]
INFO: [ app_begin ] --END-- [ RunTime:0.000695s ]
NOTIC: [8] Undefined index:  id F:\AppServ\www\qiuzudui\Lib\Action\IndexAction.class.php 第 5 行.

[ 2014-03-31T21:18:20+08:00 ] 127.0.0.1 /qiuzudui/index.php/Index/index/id
INFO: [ route_check ] --START--
INFO: Run CheckRoute Behavior [ RunTime:0.001397s ]
INFO: [ route_check ] --END-- [ RunTime:0.001575s ]
INFO: [ app_begin ] --START--
INFO: Run ReadHtmlCache Behavior [ RunTime:0.000969s ]
INFO: [ app_begin ] --END-- [ RunTime:0.001056s ]
NOTIC: [8] Undefined variable: id F:\AppServ\www\qiuzudui\Lib\Action\IndexAction.class.php 第 5 行.
NOTIC: [8] Undefined index:  id F:\AppServ\www\qiuzudui\Lib\Action\IndexAction.class.php 第 9 行.

[ 2014-03-31T21:18:51+08:00 ] 127.0.0.1 /qiuzudui/index.php/Register/personalRegister
INFO: [ route_check ] --START--
INFO: Run CheckRoute Behavior [ RunTime:0.001440s ]
INFO: [ route_check ] --END-- [ RunTime:0.001559s ]
INFO: [ app_begin ] --START--
INFO: Run ReadHtmlCache Behavior [ RunTime:0.001025s ]
INFO: [ app_begin ] --END-- [ RunTime:0.001133s ]
SQL: SHOW COLUMNS FROM `think_user` [ RunTime:0.003443s ]
ERR: Table 'qiuzudui.think_user' doesn't exist
 [ SQL语句 ] : SHOW COLUMNS FROM `think_user`
SQL: INSERT INTO `think_user` (`email`,`password`) VALUES ('60586011@qq.com','asd') [ RunTime:0.000337s ]
ERR: Table 'qiuzudui.think_user' doesn't exist
 [ SQL语句 ] : INSERT INTO `think_user` (`email`,`password`) VALUES ('60586011@qq.com','asd')

[ 2014-03-31T21:18:52+08:00 ] 127.0.0.1 /qiuzudui/
INFO: [ app_begin ] --START--
INFO: Run ReadHtmlCache Behavior [ RunTime:0.000621s ]
INFO: [ app_begin ] --END-- [ RunTime:0.000736s ]
NOTIC: [8] Undefined variable: id F:\AppServ\www\qiuzudui\Lib\Action\IndexAction.class.php 第 5 行.
NOTIC: [8] Undefined index:  id F:\AppServ\www\qiuzudui\Lib\Action\IndexAction.class.php 第 9 行.

[ 2014-03-31T21:19:15+08:00 ] 127.0.0.1 /qiuzudui/
INFO: [ app_begin ] --START--
INFO: Run ReadHtmlCache Behavior [ RunTime:0.000554s ]
INFO: [ app_begin ] --END-- [ RunTime:0.000674s ]
NOTIC: [8] Undefined variable: id F:\AppServ\www\qiuzudui\Lib\Action\IndexAction.class.php 第 5 行.
NOTIC: [8] Undefined index:  id F:\AppServ\www\qiuzudui\Lib\Action\IndexAction.class.php 第 9 行.

[ 2014-03-31T21:19:19+08:00 ] 127.0.0.1 /qiuzudui/index.php/Register/personalRegister
INFO: [ route_check ] --START--
INFO: Run CheckRoute Behavior [ RunTime:0.001248s ]
INFO: [ route_check ] --END-- [ RunTime:0.001451s ]
INFO: [ app_begin ] --START--
INFO: Run ReadHtmlCache Behavior [ RunTime:0.000851s ]
INFO: [ app_begin ] --END-- [ RunTime:0.000991s ]
SQL: SHOW COLUMNS FROM `think_user` [ RunTime:0.034599s ]
ERR: Table 'qiuzudui.think_user' doesn't exist
 [ SQL语句 ] : SHOW COLUMNS FROM `think_user`
SQL: INSERT INTO `think_user` (`email`,`password`) VALUES ('60586011@qq.com','asd') [ RunTime:0.000260s ]
ERR: Table 'qiuzudui.think_user' doesn't exist
 [ SQL语句 ] : INSERT INTO `think_user` (`email`,`password`) VALUES ('60586011@qq.com','asd')

[ 2014-03-31T21:19:19+08:00 ] 127.0.0.1 /qiuzudui/
INFO: [ app_begin ] --START--
INFO: Run ReadHtmlCache Behavior [ RunTime:0.000652s ]
INFO: [ app_begin ] --END-- [ RunTime:0.000791s ]
NOTIC: [8] Undefined variable: id F:\AppServ\www\qiuzudui\Lib\Action\IndexAction.class.php 第 5 行.
NOTIC: [8] Undefined index:  id F:\AppServ\www\qiuzudui\Lib\Action\IndexAction.class.php 第 9 行.

[ 2014-03-31T21:19:32+08:00 ] 127.0.0.1 /qiuzudui/
INFO: [ app_begin ] --START--
INFO: Run ReadHtmlCache Behavior [ RunTime:0.000599s ]
INFO: [ app_begin ] --END-- [ RunTime:0.000697s ]
NOTIC: [8] Undefined variable: id F:\AppServ\www\qiuzudui\Lib\Action\IndexAction.class.php 第 5 行.
NOTIC: [8] Undefined index:  id F:\AppServ\www\qiuzudui\Lib\Action\IndexAction.class.php 第 10 行.

[ 2014-03-31T21:20:10+08:00 ] 127.0.0.1 /qiuzudui/
INFO: [ app_begin ] --START--
INFO: Run ReadHtmlCache Behavior [ RunTime:0.001034s ]
INFO: [ app_begin ] --END-- [ RunTime:0.001204s ]
NOTIC: [8] Undefined variable: id F:\AppServ\www\qiuzudui\Lib\Action\IndexAction.class.php 第 5 行.

[ 2014-03-31T21:24:05+08:00 ] 127.0.0.1 /qiuzudui/index.php/Register/personalRegister
INFO: [ route_check ] --START--
INFO: Run CheckRoute Behavior [ RunTime:0.001464s ]
INFO: [ route_check ] --END-- [ RunTime:0.001603s ]
INFO: [ app_begin ] --START--
INFO: Run ReadHtmlCache Behavior [ RunTime:0.001317s ]
INFO: [ app_begin ] --END-- [ RunTime:0.001444s ]
SQL: SHOW COLUMNS FROM `think_user` [ RunTime:0.004140s ]
ERR: Table 'qiuzudui.think_user' doesn't exist
 [ SQL语句 ] : SHOW COLUMNS FROM `think_user`
SQL: INSERT INTO `think_user` (`email`,`password`) VALUES ('60586011@qq.com','asd') [ RunTime:0.000692s ]
ERR: Table 'qiuzudui.think_user' doesn't exist
 [ SQL语句 ] : INSERT INTO `think_user` (`email`,`password`) VALUES ('60586011@qq.com','asd')

[ 2014-03-31T21:24:05+08:00 ] 127.0.0.1 /qiuzudui/
INFO: [ app_begin ] --START--
INFO: Run ReadHtmlCache Behavior [ RunTime:0.000798s ]
INFO: [ app_begin ] --END-- [ RunTime:0.000920s ]
NOTIC: [8] Undefined variable: id F:\AppServ\www\qiuzudui\Lib\Action\IndexAction.class.php 第 5 行.

[ 2014-03-31T21:25:12+08:00 ] 127.0.0.1 /qiuzudui/index.php/Register/personalRegister
INFO: [ route_check ] --START--
INFO: Run CheckRoute Behavior [ RunTime:0.002105s ]
INFO: [ route_check ] --END-- [ RunTime:0.002276s ]
INFO: [ app_begin ] --START--
INFO: Run ReadHtmlCache Behavior [ RunTime:0.001346s ]
INFO: [ app_begin ] --END-- [ RunTime:0.001423s ]
SQL: SHOW COLUMNS FROM `think_user` [ RunTime:0.021906s ]
ERR: Table 'qiuzudui.think_user' doesn't exist
 [ SQL语句 ] : SHOW COLUMNS FROM `think_user`
SQL: INSERT INTO `think_user` (`email`,`password`) VALUES ('60586011@qq.com','asd') [ RunTime:0.000243s ]
ERR: Table 'qiuzudui.think_user' doesn't exist
 [ SQL语句 ] : INSERT INTO `think_user` (`email`,`password`) VALUES ('60586011@qq.com','asd')

[ 2014-03-31T21:25:12+08:00 ] ERR: [4] syntax error, unexpected T_STRING F:\AppServ\www\qiuzudui\Lib\Action\IndexAction.class.php 第 10 行.
[ 2014-03-31T21:25:51+08:00 ] ERR: (ThinkException) 无法加载模块:id
[ 2014-03-31T21:27:14+08:00 ] ERR: (ThinkException) 无法加载模块:id
[ 2014-03-31T21:27:17+08:00 ] ERR: [4] syntax error, unexpected T_STRING F:\AppServ\www\qiuzudui\Lib\Action\IndexAction.class.php 第 10 行.
[ 2014-03-31T21:27:19+08:00 ] ERR: [4] syntax error, unexpected T_STRING F:\AppServ\www\qiuzudui\Lib\Action\IndexAction.class.php 第 10 行.
[ 2014-03-31T21:27:26+08:00 ] 127.0.0.1 /qiuzudui/
INFO: [ app_begin ] --START--
INFO: Run ReadHtmlCache Behavior [ RunTime:0.000544s ]
INFO: [ app_begin ] --END-- [ RunTime:0.000636s ]
NOTIC: [8] Undefined variable: id F:\AppServ\www\qiuzudui\Lib\Action\IndexAction.class.php 第 5 行.

[ 2014-03-31T21:27:26+08:00 ] 127.0.0.1 /qiuzudui/index.php/Index/index/id
INFO: [ route_check ] --START--
INFO: Run CheckRoute Behavior [ RunTime:0.000829s ]
INFO: [ route_check ] --END-- [ RunTime:0.000922s ]
INFO: [ app_begin ] --START--
INFO: Run ReadHtmlCache Behavior [ RunTime:0.000509s ]
INFO: [ app_begin ] --END-- [ RunTime:0.000580s ]
NOTIC: [8] Undefined variable: id F:\AppServ\www\qiuzudui\Lib\Action\IndexAction.class.php 第 5 行.

[ 2014-03-31T21:27:26+08:00 ] 127.0.0.1 /qiuzudui/index.php/Index/index/id
INFO: [ route_check ] --START--
INFO: Run CheckRoute Behavior [ RunTime:0.000905s ]
INFO: [ route_check ] --END-- [ RunTime:0.001011s ]
INFO: [ app_begin ] --START--
INFO: Run ReadHtmlCache Behavior [ RunTime:0.000528s ]
INFO: [ app_begin ] --END-- [ RunTime:0.000600s ]
NOTIC: [8] Undefined variable: id F:\AppServ\www\qiuzudui\Lib\Action\IndexAction.class.php 第 5 行.

[ 2014-03-31T21:27:26+08:00 ] 127.0.0.1 /qiuzudui/index.php/Index/index/id
INFO: [ route_check ] --START--
INFO: Run CheckRoute Behavior [ RunTime:0.000819s ]
INFO: [ route_check ] --END-- [ RunTime:0.000916s ]
INFO: [ app_begin ] --START--
INFO: Run ReadHtmlCache Behavior [ RunTime:0.000548s ]
INFO: [ app_begin ] --END-- [ RunTime:0.000628s ]
NOTIC: [8] Undefined variable: id F:\AppServ\www\qiuzudui\Lib\Action\IndexAction.class.php 第 5 行.

[ 2014-03-31T21:27:26+08:00 ] 127.0.0.1 /qiuzudui/index.php/Index/index/id
INFO: [ route_check ] --START--
INFO: Run CheckRoute Behavior [ RunTime:0.000817s ]
INFO: [ route_check ] --END-- [ RunTime:0.000917s ]
INFO: [ app_begin ] --START--
INFO: Run ReadHtmlCache Behavior [ RunTime:0.000523s ]
INFO: [ app_begin ] --END-- [ RunTime:0.000601s ]
NOTIC: [8] Undefined variable: id F:\AppServ\www\qiuzudui\Lib\Action\IndexAction.class.php 第 5 行.

[ 2014-03-31T21:27:26+08:00 ] 127.0.0.1 /qiuzudui/index.php/Index/index/id
INFO: [ route_check ] --START--
INFO: Run CheckRoute Behavior [ RunTime:0.000873s ]
INFO: [ route_check ] --END-- [ RunTime:0.000972s ]
INFO: [ app_begin ] --START--
INFO: Run ReadHtmlCache Behavior [ RunTime:0.000518s ]
INFO: [ app_begin ] --END-- [ RunTime:0.000591s ]
NOTIC: [8] Undefined variable: id F:\AppServ\www\qiuzudui\Lib\Action\IndexAction.class.php 第 5 行.

[ 2014-03-31T21:27:26+08:00 ] 127.0.0.1 /qiuzudui/index.php/Index/index/id
INFO: [ route_check ] --START--
INFO: Run CheckRoute Behavior [ RunTime:0.000966s ]
INFO: [ route_check ] --END-- [ RunTime:0.001087s ]
INFO: [ app_begin ] --START--
INFO: Run ReadHtmlCache Behavior [ RunTime:0.000543s ]
INFO: [ app_begin ] --END-- [ RunTime:0.000617s ]
NOTIC: [8] Undefined variable: id F:\AppServ\www\qiuzudui\Lib\Action\IndexAction.class.php 第 5 行.

[ 2014-03-31T21:27:27+08:00 ] 127.0.0.1 /qiuzudui/index.php/Index/index/id
INFO: [ route_check ] --START--
INFO: Run CheckRoute Behavior [ RunTime:0.000826s ]
INFO: [ route_check ] --END-- [ RunTime:0.000924s ]
INFO: [ app_begin ] --START--
INFO: Run ReadHtmlCache Behavior [ RunTime:0.000516s ]
INFO: [ app_begin ] --END-- [ RunTime:0.000588s ]
NOTIC: [8] Undefined variable: id F:\AppServ\www\qiuzudui\Lib\Action\IndexAction.class.php 第 5 行.

[ 2014-03-31T21:27:27+08:00 ] 127.0.0.1 /qiuzudui/index.php/Index/index/id
INFO: [ route_check ] --START--
INFO: Run CheckRoute Behavior [ RunTime:0.000929s ]
INFO: [ route_check ] --END-- [ RunTime:0.001031s ]
INFO: [ app_begin ] --START--
INFO: Run ReadHtmlCache Behavior [ RunTime:0.000538s ]
INFO: [ app_begin ] --END-- [ RunTime:0.000613s ]
NOTIC: [8] Undefined variable: id F:\AppServ\www\qiuzudui\Lib\Action\IndexAction.class.php 第 5 行.

[ 2014-03-31T21:27:27+08:00 ] 127.0.0.1 /qiuzudui/index.php/Index/index/id
INFO: [ route_check ] --START--
INFO: Run CheckRoute Behavior [ RunTime:0.000828s ]
INFO: [ route_check ] --END-- [ RunTime:0.000924s ]
INFO: [ app_begin ] --START--
INFO: Run ReadHtmlCache Behavior [ RunTime:0.000511s ]
INFO: [ app_begin ] --END-- [ RunTime:0.000582s ]
NOTIC: [8] Undefined variable: id F:\AppServ\www\qiuzudui\Lib\Action\IndexAction.class.php 第 5 行.

[ 2014-03-31T21:27:27+08:00 ] 127.0.0.1 /qiuzudui/index.php/Index/index/id
INFO: [ route_check ] --START--
INFO: Run CheckRoute Behavior [ RunTime:0.000879s ]
INFO: [ route_check ] --END-- [ RunTime:0.000989s ]
INFO: [ app_begin ] --START--
INFO: Run ReadHtmlCache Behavior [ RunTime:0.000515s ]
INFO: [ app_begin ] --END-- [ RunTime:0.000588s ]
NOTIC: [8] Undefined variable: id F:\AppServ\www\qiuzudui\Lib\Action\IndexAction.class.php 第 5 行.

[ 2014-03-31T21:27:27+08:00 ] 127.0.0.1 /qiuzudui/index.php/Index/index/id
INFO: [ route_check ] --START--
INFO: Run CheckRoute Behavior [ RunTime:0.000840s ]
INFO: [ route_check ] --END-- [ RunTime:0.000946s ]
INFO: [ app_begin ] --START--
INFO: Run ReadHtmlCache Behavior [ RunTime:0.000537s ]
INFO: [ app_begin ] --END-- [ RunTime:0.000614s ]
NOTIC: [8] Undefined variable: id F:\AppServ\www\qiuzudui\Lib\Action\IndexAction.class.php 第 5 行.

[ 2014-03-31T21:27:27+08:00 ] 127.0.0.1 /qiuzudui/index.php/Index/index/id
INFO: [ route_check ] --START--
INFO: Run CheckRoute Behavior [ RunTime:0.000975s ]
INFO: [ route_check ] --END-- [ RunTime:0.001096s ]
INFO: [ app_begin ] --START--
INFO: Run ReadHtmlCache Behavior [ RunTime:0.000530s ]
INFO: [ app_begin ] --END-- [ RunTime:0.000603s ]
NOTIC: [8] Undefined variable: id F:\AppServ\www\qiuzudui\Lib\Action\IndexAction.class.php 第 5 行.

[ 2014-03-31T21:27:27+08:00 ] 127.0.0.1 /qiuzudui/index.php/Index/index/id
INFO: [ route_check ] --START--
INFO: Run CheckRoute Behavior [ RunTime:0.000869s ]
INFO: [ route_check ] --END-- [ RunTime:0.000982s ]
INFO: [ app_begin ] --START--
INFO: Run ReadHtmlCache Behavior [ RunTime:0.000588s ]
INFO: [ app_begin ] --END-- [ RunTime:0.000701s ]
NOTIC: [8] Undefined variable: id F:\AppServ\www\qiuzudui\Lib\Action\IndexAction.class.php 第 5 行.

[ 2014-03-31T21:27:27+08:00 ] 127.0.0.1 /qiuzudui/index.php/Index/index/id
INFO: [ route_check ] --START--
INFO: Run CheckRoute Behavior [ RunTime:0.000824s ]
INFO: [ route_check ] --END-- [ RunTime:0.000920s ]
INFO: [ app_begin ] --START--
INFO: Run ReadHtmlCache Behavior [ RunTime:0.000509s ]
INFO: [ app_begin ] --END-- [ RunTime:0.000580s ]
NOTIC: [8] Undefined variable: id F:\AppServ\www\qiuzudui\Lib\Action\IndexAction.class.php 第 5 行.

[ 2014-03-31T21:27:27+08:00 ] 127.0.0.1 /qiuzudui/index.php/Index/index/id
INFO: [ route_check ] --START--
INFO: Run CheckRoute Behavior [ RunTime:0.000860s ]
INFO: [ route_check ] --END-- [ RunTime:0.000961s ]
INFO: [ app_begin ] --START--
INFO: Run ReadHtmlCache Behavior [ RunTime:0.000512s ]
INFO: [ app_begin ] --END-- [ RunTime:0.000584s ]
NOTIC: [8] Undefined variable: id F:\AppServ\www\qiuzudui\Lib\Action\IndexAction.class.php 第 5 行.

[ 2014-03-31T21:27:27+08:00 ] 127.0.0.1 /qiuzudui/index.php/Index/index/id
INFO: [ route_check ] --START--
INFO: Run CheckRoute Behavior [ RunTime:0.000856s ]
INFO: [ route_check ] --END-- [ RunTime:0.000968s ]
INFO: [ app_begin ] --START--
INFO: Run ReadHtmlCache Behavior [ RunTime:0.000551s ]
INFO: [ app_begin ] --END-- [ RunTime:0.000628s ]
NOTIC: [8] Undefined variable: id F:\AppServ\www\qiuzudui\Lib\Action\IndexAction.class.php 第 5 行.

[ 2014-03-31T21:27:27+08:00 ] 127.0.0.1 /qiuzudui/index.php/Index/index/id
INFO: [ route_check ] --START--
INFO: Run CheckRoute Behavior [ RunTime:0.000883s ]
INFO: [ route_check ] --END-- [ RunTime:0.000999s ]
INFO: [ app_begin ] --START--
INFO: Run ReadHtmlCache Behavior [ RunTime:0.000563s ]
INFO: [ app_begin ] --END-- [ RunTime:0.000646s ]
NOTIC: [8] Undefined variable: id F:\AppServ\www\qiuzudui\Lib\Action\IndexAction.class.php 第 5 行.

[ 2014-03-31T21:27:27+08:00 ] 127.0.0.1 /qiuzudui/index.php/Index/index/id
INFO: [ route_check ] --START--
INFO: Run CheckRoute Behavior [ RunTime:0.000820s ]
INFO: [ route_check ] --END-- [ RunTime:0.000916s ]
INFO: [ app_begin ] --START--
INFO: Run ReadHtmlCache Behavior [ RunTime:0.000567s ]
INFO: [ app_begin ] --END-- [ RunTime:0.000648s ]
NOTIC: [8] Undefined variable: id F:\AppServ\www\qiuzudui\Lib\Action\IndexAction.class.php 第 5 行.

[ 2014-03-31T21:27:27+08:00 ] 127.0.0.1 /qiuzudui/index.php/Index/index/id
INFO: [ route_check ] --START--
INFO: Run CheckRoute Behavior [ RunTime:0.000963s ]
INFO: [ route_check ] --END-- [ RunTime:0.001124s ]
INFO: [ app_begin ] --START--
INFO: Run ReadHtmlCache Behavior [ RunTime:0.000569s ]
INFO: [ app_begin ] --END-- [ RunTime:0.000648s ]
NOTIC: [8] Undefined variable: id F:\AppServ\www\qiuzudui\Lib\Action\IndexAction.class.php 第 5 行.

[ 2014-03-31T21:27:27+08:00 ] 127.0.0.1 /qiuzudui/index.php/Index/index/id
INFO: [ route_check ] --START--
INFO: Run CheckRoute Behavior [ RunTime:0.000832s ]
INFO: [ route_check ] --END-- [ RunTime:0.000932s ]
INFO: [ app_begin ] --START--
INFO: Run ReadHtmlCache Behavior [ RunTime:0.000515s ]
INFO: [ app_begin ] --END-- [ RunTime:0.000588s ]
NOTIC: [8] Undefined variable: id F:\AppServ\www\qiuzudui\Lib\Action\IndexAction.class.php 第 5 行.

[ 2014-03-31T21:27:40+08:00 ] 127.0.0.1 /qiuzudui/
INFO: [ app_begin ] --START--
INFO: Run ReadHtmlCache Behavior [ RunTime:0.000564s ]
INFO: [ app_begin ] --END-- [ RunTime:0.000700s ]
NOTIC: [8] Undefined variable: id F:\AppServ\www\qiuzudui\Lib\Action\IndexAction.class.php 第 5 行.

[ 2014-03-31T21:27:40+08:00 ] 127.0.0.1 /qiuzudui/index.php/Index/index/id
INFO: [ route_check ] --START--
INFO: Run CheckRoute Behavior [ RunTime:0.000845s ]
INFO: [ route_check ] --END-- [ RunTime:0.000944s ]
INFO: [ app_begin ] --START--
INFO: Run ReadHtmlCache Behavior [ RunTime:0.000512s ]
INFO: [ app_begin ] --END-- [ RunTime:0.000584s ]
NOTIC: [8] Undefined variable: id F:\AppServ\www\qiuzudui\Lib\Action\IndexAction.class.php 第 5 行.

[ 2014-03-31T21:27:40+08:00 ] 127.0.0.1 /qiuzudui/index.php/Index/index/id
INFO: [ route_check ] --START--
INFO: Run CheckRoute Behavior [ RunTime:0.001063s ]
INFO: [ route_check ] --END-- [ RunTime:0.001184s ]
INFO: [ app_begin ] --START--
INFO: Run ReadHtmlCache Behavior [ RunTime:0.000546s ]
INFO: [ app_begin ] --END-- [ RunTime:0.000618s ]
NOTIC: [8] Undefined variable: id F:\AppServ\www\qiuzudui\Lib\Action\IndexAction.class.php 第 5 行.

[ 2014-03-31T21:27:40+08:00 ] 127.0.0.1 /qiuzudui/index.php/Index/index/id
INFO: [ route_check ] --START--
INFO: Run CheckRoute Behavior [ RunTime:0.000821s ]
INFO: [ route_check ] --END-- [ RunTime:0.000917s ]
INFO: [ app_begin ] --START--
INFO: Run ReadHtmlCache Behavior [ RunTime:0.000525s ]
INFO: [ app_begin ] --END-- [ RunTime:0.000603s ]
NOTIC: [8] Undefined variable: id F:\AppServ\www\qiuzudui\Lib\Action\IndexAction.class.php 第 5 行.

[ 2014-03-31T21:27:40+08:00 ] 127.0.0.1 /qiuzudui/index.php/Index/index/id
INFO: [ route_check ] --START--
INFO: Run CheckRoute Behavior [ RunTime:0.000825s ]
INFO: [ route_check ] --END-- [ RunTime:0.000921s ]
INFO: [ app_begin ] --START--
INFO: Run ReadHtmlCache Behavior [ RunTime:0.000556s ]
INFO: [ app_begin ] --END-- [ RunTime:0.000634s ]
NOTIC: [8] Undefined variable: id F:\AppServ\www\qiuzudui\Lib\Action\IndexAction.class.php 第 5 行.

[ 2014-03-31T21:27:40+08:00 ] 127.0.0.1 /qiuzudui/index.php/Index/index/id
INFO: [ route_check ] --START--
INFO: Run CheckRoute Behavior [ RunTime:0.000935s ]
INFO: [ route_check ] --END-- [ RunTime:0.001065s ]
INFO: [ app_begin ] --START--
INFO: Run ReadHtmlCache Behavior [ RunTime:0.000773s ]
INFO: [ app_begin ] --END-- [ RunTime:0.000879s ]
NOTIC: [8] Undefined variable: id F:\AppServ\www\qiuzudui\Lib\Action\IndexAction.class.php 第 5 行.

[ 2014-03-31T21:27:40+08:00 ] 127.0.0.1 /qiuzudui/index.php/Index/index/id
INFO: [ route_check ] --START--
INFO: Run CheckRoute Behavior [ RunTime:0.001079s ]
INFO: [ route_check ] --END-- [ RunTime:0.001204s ]
INFO: [ app_begin ] --START--
INFO: Run ReadHtmlCache Behavior [ RunTime:0.000576s ]
INFO: [ app_begin ] --END-- [ RunTime:0.000665s ]
NOTIC: [8] Undefined variable: id F:\AppServ\www\qiuzudui\Lib\Action\IndexAction.class.php 第 5 行.

[ 2014-03-31T21:27:40+08:00 ] 127.0.0.1 /qiuzudui/index.php/Index/index/id
INFO: [ route_check ] --START--
INFO: Run CheckRoute Behavior [ RunTime:0.000934s ]
INFO: [ route_check ] --END-- [ RunTime:0.001061s ]
INFO: [ app_begin ] --START--
INFO: Run ReadHtmlCache Behavior [ RunTime:0.000589s ]
INFO: [ app_begin ] --END-- [ RunTime:0.000680s ]
NOTIC: [8] Undefined variable: id F:\AppServ\www\qiuzudui\Lib\Action\IndexAction.class.php 第 5 行.

[ 2014-03-31T21:27:40+08:00 ] 127.0.0.1 /qiuzudui/index.php/Index/index/id
INFO: [ route_check ] --START--
INFO: Run CheckRoute Behavior [ RunTime:0.000822s ]
INFO: [ route_check ] --END-- [ RunTime:0.000918s ]
INFO: [ app_begin ] --START--
INFO: Run ReadHtmlCache Behavior [ RunTime:0.000515s ]
INFO: [ app_begin ] --END-- [ RunTime:0.000590s ]
NOTIC: [8] Undefined variable: id F:\AppServ\www\qiuzudui\Lib\Action\IndexAction.class.php 第 5 行.

[ 2014-03-31T21:27:40+08:00 ] 127.0.0.1 /qiuzudui/index.php/Index/index/id
INFO: [ route_check ] --START--
INFO: Run CheckRoute Behavior [ RunTime:0.000820s ]
INFO: [ route_check ] --END-- [ RunTime:0.000916s ]
INFO: [ app_begin ] --START--
INFO: Run ReadHtmlCache Behavior [ RunTime:0.000567s ]
INFO: [ app_begin ] --END-- [ RunTime:0.000645s ]
NOTIC: [8] Undefined variable: id F:\AppServ\www\qiuzudui\Lib\Action\IndexAction.class.php 第 5 行.

[ 2014-03-31T21:27:40+08:00 ] 127.0.0.1 /qiuzudui/index.php/Index/index/id
INFO: [ route_check ] --START--
INFO: Run CheckRoute Behavior [ RunTime:0.000854s ]
INFO: [ route_check ] --END-- [ RunTime:0.000963s ]
INFO: [ app_begin ] --START--
INFO: Run ReadHtmlCache Behavior [ RunTime:0.000516s ]
INFO: [ app_begin ] --END-- [ RunTime:0.000594s ]
NOTIC: [8] Undefined variable: id F:\AppServ\www\qiuzudui\Lib\Action\IndexAction.class.php 第 5 行.

[ 2014-03-31T21:27:40+08:00 ] 127.0.0.1 /qiuzudui/index.php/Index/index/id
INFO: [ route_check ] --START--
INFO: Run CheckRoute Behavior [ RunTime:0.000982s ]
INFO: [ route_check ] --END-- [ RunTime:0.001099s ]
INFO: [ app_begin ] --START--
INFO: Run ReadHtmlCache Behavior [ RunTime:0.000541s ]
INFO: [ app_begin ] --END-- [ RunTime:0.000614s ]
NOTIC: [8] Undefined variable: id F:\AppServ\www\qiuzudui\Lib\Action\IndexAction.class.php 第 5 行.

[ 2014-03-31T21:27:40+08:00 ] 127.0.0.1 /qiuzudui/index.php/Index/index/id
INFO: [ route_check ] --START--
INFO: Run CheckRoute Behavior [ RunTime:0.000960s ]
INFO: [ route_check ] --END-- [ RunTime:0.001101s ]
INFO: [ app_begin ] --START--
INFO: Run ReadHtmlCache Behavior [ RunTime:0.000814s ]
INFO: [ app_begin ] --END-- [ RunTime:0.000929s ]
NOTIC: [8] Undefined variable: id F:\AppServ\www\qiuzudui\Lib\Action\IndexAction.class.php 第 5 行.

[ 2014-03-31T21:27:40+08:00 ] 127.0.0.1 /qiuzudui/index.php/Index/index/id
INFO: [ route_check ] --START--
INFO: Run CheckRoute Behavior [ RunTime:0.000820s ]
INFO: [ route_check ] --END-- [ RunTime:0.000917s ]
INFO: [ app_begin ] --START--
INFO: Run ReadHtmlCache Behavior [ RunTime:0.000513s ]
INFO: [ app_begin ] --END-- [ RunTime:0.000585s ]
NOTIC: [8] Undefined variable: id F:\AppServ\www\qiuzudui\Lib\Action\IndexAction.class.php 第 5 行.

[ 2014-03-31T21:27:40+08:00 ] 127.0.0.1 /qiuzudui/index.php/Index/index/id
INFO: [ route_check ] --START--
INFO: Run CheckRoute Behavior [ RunTime:0.000842s ]
INFO: [ route_check ] --END-- [ RunTime:0.000940s ]
INFO: [ app_begin ] --START--
INFO: Run ReadHtmlCache Behavior [ RunTime:0.000513s ]
INFO: [ app_begin ] --END-- [ RunTime:0.000585s ]
NOTIC: [8] Undefined variable: id F:\AppServ\www\qiuzudui\Lib\Action\IndexAction.class.php 第 5 行.

[ 2014-03-31T21:27:40+08:00 ] 127.0.0.1 /qiuzudui/index.php/Index/index/id
INFO: [ route_check ] --START--
INFO: Run CheckRoute Behavior [ RunTime:0.000978s ]
INFO: [ route_check ] --END-- [ RunTime:0.001123s ]
INFO: [ app_begin ] --START--
INFO: Run ReadHtmlCache Behavior [ RunTime:0.000709s ]
INFO: [ app_begin ] --END-- [ RunTime:0.000808s ]
NOTIC: [8] Undefined variable: id F:\AppServ\www\qiuzudui\Lib\Action\IndexAction.class.php 第 5 行.

[ 2014-03-31T21:27:40+08:00 ] 127.0.0.1 /qiuzudui/index.php/Index/index/id
INFO: [ route_check ] --START--
INFO: Run CheckRoute Behavior [ RunTime:0.001924s ]
INFO: [ route_check ] --END-- [ RunTime:0.002071s ]
INFO: [ app_begin ] --START--
INFO: Run ReadHtmlCache Behavior [ RunTime:0.000611s ]
INFO: [ app_begin ] --END-- [ RunTime:0.000698s ]
NOTIC: [8] Undefined variable: id F:\AppServ\www\qiuzudui\Lib\Action\IndexAction.class.php 第 5 行.

[ 2014-03-31T21:27:40+08:00 ] 127.0.0.1 /qiuzudui/index.php/Index/index/id
INFO: [ route_check ] --START--
INFO: Run CheckRoute Behavior [ RunTime:0.000935s ]
INFO: [ route_check ] --END-- [ RunTime:0.001053s ]
INFO: [ app_begin ] --START--
INFO: Run ReadHtmlCache Behavior [ RunTime:0.000540s ]
INFO: [ app_begin ] --END-- [ RunTime:0.000613s ]
NOTIC: [8] Undefined variable: id F:\AppServ\www\qiuzudui\Lib\Action\IndexAction.class.php 第 5 行.

[ 2014-03-31T21:27:40+08:00 ] 127.0.0.1 /qiuzudui/index.php/Index/index/id
INFO: [ route_check ] --START--
INFO: Run CheckRoute Behavior [ RunTime:0.001140s ]
INFO: [ route_check ] --END-- [ RunTime:0.001272s ]
INFO: [ app_begin ] --START--
INFO: Run ReadHtmlCache Behavior [ RunTime:0.000556s ]
INFO: [ app_begin ] --END-- [ RunTime:0.000631s ]
NOTIC: [8] Undefined variable: id F:\AppServ\www\qiuzudui\Lib\Action\IndexAction.class.php 第 5 行.

[ 2014-03-31T21:27:40+08:00 ] 127.0.0.1 /qiuzudui/index.php/Index/index/id
INFO: [ route_check ] --START--
INFO: Run CheckRoute Behavior [ RunTime:0.000818s ]
INFO: [ route_check ] --END-- [ RunTime:0.000915s ]
INFO: [ app_begin ] --START--
INFO: Run ReadHtmlCache Behavior [ RunTime:0.000755s ]
INFO: [ app_begin ] --END-- [ RunTime:0.000847s ]
NOTIC: [8] Undefined variable: id F:\AppServ\www\qiuzudui\Lib\Action\IndexAction.class.php 第 5 行.

[ 2014-03-31T21:27:41+08:00 ] 127.0.0.1 /qiuzudui/index.php/Index/index/id
INFO: [ route_check ] --START--
INFO: Run CheckRoute Behavior [ RunTime:0.000973s ]
INFO: [ route_check ] --END-- [ RunTime:0.001090s ]
INFO: [ app_begin ] --START--
INFO: Run ReadHtmlCache Behavior [ RunTime:0.000601s ]
INFO: [ app_begin ] --END-- [ RunTime:0.000686s ]
NOTIC: [8] Undefined variable: id F:\AppServ\www\qiuzudui\Lib\Action\IndexAction.class.php 第 5 行.

[ 2014-03-31T21:28:00+08:00 ] ERR: (ThinkException) 无法加载模块:index
[ 2014-03-31T21:28:55+08:00 ] ERR: (ThinkException) 无法加载模块:index
[ 2014-03-31T21:28:57+08:00 ] ERR: (ThinkException) 无法加载模块:index
[ 2014-03-31T21:28:58+08:00 ] 127.0.0.1 /qiuzudui/index.php/Index/index/id
INFO: [ route_check ] --START--
INFO: Run CheckRoute Behavior [ RunTime:0.001572s ]
INFO: [ route_check ] --END-- [ RunTime:0.001851s ]
INFO: [ app_begin ] --START--
INFO: Run ReadHtmlCache Behavior [ RunTime:0.001132s ]
INFO: [ app_begin ] --END-- [ RunTime:0.001286s ]
NOTIC: [8] Undefined variable: id F:\AppServ\www\qiuzudui\Lib\Action\IndexAction.class.php 第 5 行.

[ 2014-03-31T21:28:58+08:00 ] 127.0.0.1 /qiuzudui/index.php/Index/id
INFO: [ route_check ] --START--
INFO: Run CheckRoute Behavior [ RunTime:0.000842s ]
INFO: [ route_check ] --END-- [ RunTime:0.000945s ]
INFO: [ app_begin ] --START--
INFO: Run ReadHtmlCache Behavior [ RunTime:0.000541s ]
INFO: [ app_begin ] --END-- [ RunTime:0.000616s ]

[ 2014-03-31T21:29:13+08:00 ] 127.0.0.1 /qiuzudui/
INFO: [ app_begin ] --START--
INFO: Run ReadHtmlCache Behavior [ RunTime:0.001441s ]
INFO: [ app_begin ] --END-- [ RunTime:0.001537s ]
NOTIC: [8] Undefined variable: id F:\AppServ\www\qiuzudui\Lib\Action\IndexAction.class.php 第 5 行.

[ 2014-03-31T21:29:13+08:00 ] 127.0.0.1 /qiuzudui/index.php/Index/id
INFO: [ route_check ] --START--
INFO: Run CheckRoute Behavior [ RunTime:0.001721s ]
INFO: [ route_check ] --END-- [ RunTime:0.001831s ]
INFO: [ app_begin ] --START--
INFO: Run ReadHtmlCache Behavior [ RunTime:0.001481s ]
INFO: [ app_begin ] --END-- [ RunTime:0.001579s ]

[ 2014-03-31T21:40:50+08:00 ] 127.0.0.1 /qiuzudui/
INFO: [ app_begin ] --START--
INFO: Run ReadHtmlCache Behavior [ RunTime:0.004393s ]
INFO: [ app_begin ] --END-- [ RunTime:0.004507s ]
NOTIC: [8] Undefined variable: id F:\AppServ\www\qiuzudui\Lib\Action\IndexAction.class.php 第 5 行.
NOTIC: [8] Undefined variable: email F:\AppServ\www\qiuzudui\Lib\Action\IndexAction.class.php 第 9 行.

[ 2014-03-31T21:40:50+08:00 ] 127.0.0.1 /qiuzudui/index.php/Index/id
INFO: [ route_check ] --START--
INFO: Run CheckRoute Behavior [ RunTime:0.001664s ]
INFO: [ route_check ] --END-- [ RunTime:0.001769s ]
INFO: [ app_begin ] --START--
INFO: Run ReadHtmlCache Behavior [ RunTime:0.000532s ]
INFO: [ app_begin ] --END-- [ RunTime:0.000608s ]

[ 2014-03-31T21:42:20+08:00 ] 127.0.0.1 /qiuzudui/
INFO: [ app_begin ] --START--
INFO: Run ReadHtmlCache Behavior [ RunTime:0.001828s ]
INFO: [ app_begin ] --END-- [ RunTime:0.001999s ]
NOTIC: [8] Undefined variable: id F:\AppServ\www\qiuzudui\Lib\Action\IndexAction.class.php 第 5 行.
INFO: [ view_template ] --START--
INFO: Run LocationTemplate Behavior [ RunTime:0.024464s ]
INFO: [ view_template ] --END-- [ RunTime:0.024619s ]
INFO: [ view_parse ] --START--
INFO: Run ParseTemplate Behavior [ RunTime:0.155351s ]
INFO: [ view_parse ] --END-- [ RunTime:0.155526s ]
INFO: [ view_filter ] --START--
INFO: Run ContentReplace Behavior [ RunTime:0.023258s ]
INFO: Run TokenBuild Behavior [ RunTime:0.001819s ]
INFO: Run WriteHtmlCache Behavior [ RunTime:0.001616s ]
INFO: Run ShowRuntime Behavior [ RunTime:0.001828s ]
INFO: [ view_filter ] --END-- [ RunTime:0.028935s ]
INFO: [ view_end ] --START--
INFO: Run ShowPageTrace Behavior [ RunTime:0.002061s ]
INFO: [ view_end ] --END-- [ RunTime:0.002194s ]

[ 2014-03-31T21:42:26+08:00 ] 127.0.0.1 /qiuzudui/index.php/Register/register
INFO: [ route_check ] --START--
INFO: Run CheckRoute Behavior [ RunTime:0.002550s ]
INFO: [ route_check ] --END-- [ RunTime:0.002746s ]
INFO: [ app_begin ] --START--
INFO: Run ReadHtmlCache Behavior [ RunTime:0.000855s ]
INFO: [ app_begin ] --END-- [ RunTime:0.000980s ]
INFO: [ view_template ] --START--
INFO: Run LocationTemplate Behavior [ RunTime:0.000745s ]
INFO: [ view_template ] --END-- [ RunTime:0.000945s ]
INFO: [ view_parse ] --START--
INFO: Run ParseTemplate Behavior [ RunTime:0.037820s ]
INFO: [ view_parse ] --END-- [ RunTime:0.037999s ]
INFO: [ view_filter ] --START--
INFO: Run ContentReplace Behavior [ RunTime:0.001443s ]
INFO: Run TokenBuild Behavior [ RunTime:0.000879s ]
INFO: Run WriteHtmlCache Behavior [ RunTime:0.000397s ]
INFO: Run ShowRuntime Behavior [ RunTime:0.000518s ]
INFO: [ view_filter ] --END-- [ RunTime:0.003667s ]
INFO: [ view_end ] --START--
INFO: Run ShowPageTrace Behavior [ RunTime:0.001035s ]
INFO: [ view_end ] --END-- [ RunTime:0.001135s ]

[ 2014-03-31T21:42:36+08:00 ] 127.0.0.1 /qiuzudui/index.php/Register/personalRegister
INFO: [ route_check ] --START--
INFO: Run CheckRoute Behavior [ RunTime:0.001196s ]
INFO: [ route_check ] --END-- [ RunTime:0.001355s ]
INFO: [ app_begin ] --START--
INFO: Run ReadHtmlCache Behavior [ RunTime:0.000623s ]
INFO: [ app_begin ] --END-- [ RunTime:0.000708s ]
SQL: SHOW COLUMNS FROM `think_user` [ RunTime:0.002812s ]
ERR: Table 'qiuzudui.think_user' doesn't exist
 [ SQL语句 ] : SHOW COLUMNS FROM `think_user`
SQL: SELECT * FROM `think_user` WHERE ( `email` = '60586011@qq.com' )  [ RunTime:0.000316s ]
ERR: Table 'qiuzudui.think_user' doesn't exist
 [ SQL语句 ] : SELECT * FROM `think_user` WHERE ( `email` = '60586011@qq.com' ) 
SQL: INSERT INTO `think_user` (`email`,`password`) VALUES ('60586011@qq.com','flashman1994') [ RunTime:0.000344s ]
ERR: Table 'qiuzudui.think_user' doesn't exist
 [ SQL语句 ] : INSERT INTO `think_user` (`email`,`password`) VALUES ('60586011@qq.com','flashman1994')

[ 2014-03-31T21:42:36+08:00 ] 127.0.0.1 /qiuzudui/
INFO: [ app_begin ] --START--
INFO: Run ReadHtmlCache Behavior [ RunTime:0.000540s ]
INFO: [ app_begin ] --END-- [ RunTime:0.000632s ]
NOTIC: [8] Undefined variable: id F:\AppServ\www\qiuzudui\Lib\Action\IndexAction.class.php 第 5 行.
NOTIC: [8] Undefined variable: email F:\AppServ\www\qiuzudui\Lib\Action\IndexAction.class.php 第 9 行.

[ 2014-03-31T21:42:36+08:00 ] 127.0.0.1 /qiuzudui/index.php/Index/id
INFO: [ route_check ] --START--
INFO: Run CheckRoute Behavior [ RunTime:0.000843s ]
INFO: [ route_check ] --END-- [ RunTime:0.000939s ]
INFO: [ app_begin ] --START--
INFO: Run ReadHtmlCache Behavior [ RunTime:0.000510s ]
INFO: [ app_begin ] --END-- [ RunTime:0.000581s ]

[ 2014-03-31T21:42:43+08:00 ] 127.0.0.1 /qiuzudui/index.php/Register/personalRegister
INFO: [ route_check ] --START--
INFO: Run CheckRoute Behavior [ RunTime:0.001313s ]
INFO: [ route_check ] --END-- [ RunTime:0.001422s ]
INFO: [ app_begin ] --START--
INFO: Run ReadHtmlCache Behavior [ RunTime:0.000972s ]
INFO: [ app_begin ] --END-- [ RunTime:0.001062s ]
SQL: SHOW COLUMNS FROM `think_user` [ RunTime:0.003098s ]
ERR: Table 'qiuzudui.think_user' doesn't exist
 [ SQL语句 ] : SHOW COLUMNS FROM `think_user`
SQL: SELECT * FROM `think_user` WHERE ( `email` = '60586011@qq.com' )  [ RunTime:0.000325s ]
ERR: Table 'qiuzudui.think_user' doesn't exist
 [ SQL语句 ] : SELECT * FROM `think_user` WHERE ( `email` = '60586011@qq.com' ) 
SQL: INSERT INTO `think_user` (`email`,`password`) VALUES ('60586011@qq.com','sdf') [ RunTime:0.000178s ]
ERR: Table 'qiuzudui.think_user' doesn't exist
 [ SQL语句 ] : INSERT INTO `think_user` (`email`,`password`) VALUES ('60586011@qq.com','sdf')

[ 2014-03-31T21:42:43+08:00 ] 127.0.0.1 /qiuzudui/
INFO: [ app_begin ] --START--
INFO: Run ReadHtmlCache Behavior [ RunTime:0.000609s ]
INFO: [ app_begin ] --END-- [ RunTime:0.000720s ]
NOTIC: [8] Undefined variable: id F:\AppServ\www\qiuzudui\Lib\Action\IndexAction.class.php 第 5 行.
NOTIC: [8] Undefined variable: email F:\AppServ\www\qiuzudui\Lib\Action\IndexAction.class.php 第 9 行.

[ 2014-03-31T21:42:43+08:00 ] 127.0.0.1 /qiuzudui/index.php/Index/id
INFO: [ route_check ] --START--
INFO: Run CheckRoute Behavior [ RunTime:0.000824s ]
INFO: [ route_check ] --END-- [ RunTime:0.000920s ]
INFO: [ app_begin ] --START--
INFO: Run ReadHtmlCache Behavior [ RunTime:0.000506s ]
INFO: [ app_begin ] --END-- [ RunTime:0.000580s ]

[ 2014-03-31T21:43:12+08:00 ] 127.0.0.1 /qiuzudui/index.php/Register/personalRegister
INFO: [ route_check ] --START--
INFO: Run CheckRoute Behavior [ RunTime:0.000847s ]
INFO: [ route_check ] --END-- [ RunTime:0.000949s ]
INFO: [ app_begin ] --START--
INFO: Run ReadHtmlCache Behavior [ RunTime:0.000982s ]
INFO: [ app_begin ] --END-- [ RunTime:0.001084s ]
SQL: SHOW COLUMNS FROM `think_user` [ RunTime:0.002616s ]
ERR: Table 'qiuzudui.think_user' doesn't exist
 [ SQL语句 ] : SHOW COLUMNS FROM `think_user`
SQL: SELECT * FROM `think_user` WHERE ( `email` = '60586011@qq.com' )  [ RunTime:0.000259s ]
ERR: Table 'qiuzudui.think_user' doesn't exist
 [ SQL语句 ] : SELECT * FROM `think_user` WHERE ( `email` = '60586011@qq.com' ) 
SQL: INSERT INTO `think_user` (`email`,`password`) VALUES ('60586011@qq.com','asd') [ RunTime:0.000177s ]
ERR: Table 'qiuzudui.think_user' doesn't exist
 [ SQL语句 ] : INSERT INTO `think_user` (`email`,`password`) VALUES ('60586011@qq.com','asd')

[ 2014-03-31T21:43:17+08:00 ] 127.0.0.1 /qiuzudui/index.php/Register/personalRegister
INFO: [ route_check ] --START--
INFO: Run CheckRoute Behavior [ RunTime:0.000900s ]
INFO: [ route_check ] --END-- [ RunTime:0.001026s ]
INFO: [ app_begin ] --START--
INFO: Run ReadHtmlCache Behavior [ RunTime:0.000613s ]
INFO: [ app_begin ] --END-- [ RunTime:0.000708s ]
SQL: SHOW COLUMNS FROM `think_user` [ RunTime:0.003968s ]
ERR: Table 'qiuzudui.think_user' doesn't exist
 [ SQL语句 ] : SHOW COLUMNS FROM `think_user`
SQL: SELECT * FROM `think_user` WHERE ( `email` = '60586011@qq.com' )  [ RunTime:0.000841s ]
ERR: Table 'qiuzudui.think_user' doesn't exist
 [ SQL语句 ] : SELECT * FROM `think_user` WHERE ( `email` = '60586011@qq.com' ) 
SQL: INSERT INTO `think_user` (`email`,`password`) VALUES ('60586011@qq.com','asd') [ RunTime:0.000622s ]
ERR: Table 'qiuzudui.think_user' doesn't exist
 [ SQL语句 ] : INSERT INTO `think_user` (`email`,`password`) VALUES ('60586011@qq.com','asd')

